2024-03-19 09:57:06,605 [INFO] Activator:176 - 


2024-03-19 09:57:06,612 [INFO] Activator:177 - !SESSION log4j initialized
2024-03-19 09:57:12,302 [INFO] LogOutputStream:77 - [STDOUT_REDIRECT] 
2024-03-19 09:57:15,369 [INFO] ApplicationProperties:184 - Using Application install path: C:\ST\STM32CubeIDE_1.14.1\STM32CubeIDE\plugins\com.st.stm32cube.common.mx_6.10.0.202311202037
2024-03-19 09:57:15,389 [INFO] DbMcusXml:78 - Set database path to: C:\ST\STM32CubeIDE_1.14.1\STM32CubeIDE\plugins\com.st.stm32cube.common.mx_6.10.0.202311202037\\db\/mcu/
2024-03-19 09:57:15,390 [INFO] ApiDb:274 - Set plugin database path to: C:\ST\STM32CubeIDE_1.14.1\STM32CubeIDE\plugins\com.st.stm32cube.common.mx_6.10.0.202311202037\\db\/plugins/boardmanager/
2024-03-19 09:57:15,391 [WARN] ApiDb:259 - Overriding images path with different value:  => C:\ST\STM32CubeIDE_1.14.1\STM32CubeIDE\plugins\com.st.stm32cube.common.mx_6.10.0.202311202037\\db\/plugins/mcufinder/images/
2024-03-19 09:57:15,403 [INFO] ApiDb:250 - Set database path to: C:\Users\D10180\.stmcufinder\plugins\mcufinder//mcu/
2024-03-19 09:57:15,404 [INFO] DbMcusAds:125 - Set database path to: C:\Users\D10180\.stmcufinder\plugins\mcufinder//mcu/
2024-03-19 09:57:15,406 [INFO] CrossReferenceDbSqlite:203 - Set database path to: C:\Users\D10180\.stmcufinder\plugins\mcufinder//mcu/cs/
2024-03-19 09:57:15,520 [INFO] RulesReader:64 - Compatibility file has been processed (297 Rules)
2024-03-19 09:57:15,605 [INFO] DbMcusXml:78 - Set database path to: C:\ST\STM32CubeIDE_1.14.1\STM32CubeIDE\plugins\com.st.stm32cube.common.mx_6.10.0.202311202037\\db\/mcu/
2024-03-19 09:57:15,605 [INFO] ApiDb:274 - Set plugin database path to: C:\ST\STM32CubeIDE_1.14.1\STM32CubeIDE\plugins\com.st.stm32cube.common.mx_6.10.0.202311202037\\db\/plugins/boardmanager/
2024-03-19 09:57:15,605 [INFO] ApiDb:261 - Set plugin images path to: C:\ST\STM32CubeIDE_1.14.1\STM32CubeIDE\plugins\com.st.stm32cube.common.mx_6.10.0.202311202037\\db\/plugins/mcufinder/images/
2024-03-19 09:57:15,605 [WARN] DbFile:41 - Overriding database path with different value: C:\Users\D10180\.stmcufinder\plugins\mcufinder/ => C:\Users\D10180\.stmcufinder\plugins\mcufinder
2024-03-19 09:57:15,605 [INFO] ApiDb:250 - Set database path to: C:\Users\D10180\.stmcufinder\plugins\mcufinder//mcu/
2024-03-19 09:57:15,605 [WARN] DbFile:41 - Overriding database path with different value: C:\Users\D10180\.stmcufinder\plugins\mcufinder/ => C:\Users\D10180\.stmcufinder\plugins\mcufinder
2024-03-19 09:57:15,605 [INFO] DbMcusAds:125 - Set database path to: C:\Users\D10180\.stmcufinder\plugins\mcufinder//mcu/
2024-03-19 09:57:15,605 [WARN] DbFile:41 - Overriding database path with different value: C:\Users\D10180\.stmcufinder\plugins\mcufinder/ => C:\Users\D10180\.stmcufinder\plugins\mcufinder
2024-03-19 09:57:15,605 [WARN] DbFile:41 - Overriding database path with different value: C:\Users\D10180\.stmcufinder\plugins\mcufinder/ => C:\Users\D10180\.stmcufinder\plugins\mcufinder
2024-03-19 09:57:15,605 [INFO] CrossReferenceDbSqlite:203 - Set database path to: C:\Users\D10180\.stmcufinder\plugins\mcufinder//mcu/cs/
2024-03-19 09:57:15,684 [INFO] MainPanel:264 - HeapMemory: 268435456
2024-03-19 09:57:15,791 [INFO] DbMcusXml:78 - Set database path to: C:\ST\STM32CubeIDE_1.14.1\STM32CubeIDE\plugins\com.st.stm32cube.common.mx_6.10.0.202311202037\\db\/mcu/
2024-03-19 09:57:15,791 [INFO] ApiDb:274 - Set plugin database path to: C:\ST\STM32CubeIDE_1.14.1\STM32CubeIDE\plugins\com.st.stm32cube.common.mx_6.10.0.202311202037\\db\/plugins/boardmanager/
2024-03-19 09:57:15,791 [INFO] ApiDb:261 - Set plugin images path to: C:\ST\STM32CubeIDE_1.14.1\STM32CubeIDE\plugins\com.st.stm32cube.common.mx_6.10.0.202311202037\\db\/plugins/mcufinder/images/
2024-03-19 09:57:15,791 [WARN] DbFile:41 - Overriding database path with different value: C:\Users\D10180\.stmcufinder\plugins\mcufinder/ => C:\Users\D10180\.stmcufinder\plugins\mcufinder
2024-03-19 09:57:15,791 [INFO] ApiDb:250 - Set database path to: C:\Users\D10180\.stmcufinder\plugins\mcufinder//mcu/
2024-03-19 09:57:15,791 [WARN] DbFile:41 - Overriding database path with different value: C:\Users\D10180\.stmcufinder\plugins\mcufinder/ => C:\Users\D10180\.stmcufinder\plugins\mcufinder
2024-03-19 09:57:15,791 [INFO] DbMcusAds:125 - Set database path to: C:\Users\D10180\.stmcufinder\plugins\mcufinder//mcu/
2024-03-19 09:57:15,791 [WARN] DbFile:41 - Overriding database path with different value: C:\Users\D10180\.stmcufinder\plugins\mcufinder/ => C:\Users\D10180\.stmcufinder\plugins\mcufinder
2024-03-19 09:57:15,791 [WARN] DbFile:41 - Overriding database path with different value: C:\Users\D10180\.stmcufinder\plugins\mcufinder/ => C:\Users\D10180\.stmcufinder\plugins\mcufinder
2024-03-19 09:57:15,791 [INFO] CrossReferenceDbSqlite:203 - Set database path to: C:\Users\D10180\.stmcufinder\plugins\mcufinder//mcu/cs/
2024-03-19 09:57:15,809 [INFO] ApplicationProperties:184 - Using Application install path: C:\ST\STM32CubeIDE_1.14.1\STM32CubeIDE\plugins\com.st.stm32cube.common.mx_6.10.0.202311202037
2024-03-19 09:57:15,811 [INFO] PluginManage:196 - Search for loadable plugins [exclusion list=, ]
2024-03-19 09:57:15,812 [INFO] PluginManage:310 - Check plugin analytics
2024-03-19 09:57:15,976 [INFO] AnalyticsPlugin:253 - Accepted Software Licenses: STM32CubeMX.6.5.0
2024-03-19 09:57:15,977 [INFO] AnalyticsPlugin:255 - Accepted CMSIS Pack Licenses: 
2024-03-19 09:57:15,977 [INFO] AnalyticsPlugin:257 - Accepted Firmware Licenses: 
2024-03-19 09:57:15,979 [INFO] PluginManage:359 - Loaded plugin analytics (category:tool,tabindex:-1)
2024-03-19 09:57:15,979 [INFO] PluginManage:310 - Check plugin cadmodel
2024-03-19 09:57:15,993 [INFO] CADModel:105 - Init CAD model plugin
2024-03-19 09:57:15,993 [INFO] PluginManage:359 - Loaded plugin cadmodel (category:power,tabindex:5)
2024-03-19 09:57:15,994 [INFO] PluginManage:310 - Check plugin clock
2024-03-19 09:57:16,019 [INFO] PluginManage:359 - Loaded plugin clock (category:base,tabindex:2)
2024-03-19 09:57:16,019 [INFO] PluginManage:310 - Check plugin ddr
2024-03-19 09:57:16,021 [INFO] PluginManage:359 - Loaded plugin ddr (category:tool,tabindex:6)
2024-03-19 09:57:16,021 [INFO] PluginManage:310 - Check plugin filemanager
2024-03-19 09:57:16,179 [INFO] PluginManage:359 - Loaded plugin filemanager (category:base,tabindex:10)
2024-03-19 09:57:16,179 [INFO] PluginManage:310 - Check plugin ipmanager
2024-03-19 09:57:16,187 [INFO] PluginManage:359 - Loaded plugin ipmanager (category:base,tabindex:5)
2024-03-19 09:57:16,187 [INFO] PluginManage:310 - Check plugin lpbam
2024-03-19 09:57:16,207 [INFO] PluginManage:359 - Loaded plugin lpbam (category:base,tabindex:0)
2024-03-19 09:57:16,207 [INFO] PluginManage:310 - Check plugin memorymap
2024-03-19 09:57:16,231 [INFO] PluginManage:359 - Loaded plugin memorymap (category:base,tabindex:4)
2024-03-19 09:57:16,231 [INFO] PluginManage:310 - Check plugin pinoutandconfiguration
2024-03-19 09:57:16,251 [INFO] PluginManage:359 - Loaded plugin pinoutandconfiguration (category:base,tabindex:1)
2024-03-19 09:57:16,252 [INFO] PluginManage:310 - Check plugin pinoutconfig
2024-03-19 09:57:16,343 [WARN] SupportedApi:132 - Cannot load RTOS API schema: s4s-elt-must-match.1: The content of 'definitions' must match (annotation?, (simpleType | complexType)?, (unique | key | keyref)*)). A problem was found starting at: attribute.
2024-03-19 09:57:16,473 [INFO] PluginManage:359 - Loaded plugin pinoutconfig (category:base,tabindex:0)
2024-03-19 09:57:16,473 [INFO] PluginManage:310 - Check plugin power
2024-03-19 09:57:16,491 [INFO] PluginManage:359 - Loaded plugin power (category:power,tabindex:4)
2024-03-19 09:57:16,491 [INFO] PluginManage:310 - Check plugin projectmanager
2024-03-19 09:57:16,503 [INFO] PluginManage:359 - Loaded plugin projectmanager (category:projectmanager,tabindex:3)
2024-03-19 09:57:16,503 [INFO] PluginManage:310 - Check plugin thirdparty
2024-03-19 09:57:16,780 [INFO] PluginManage:359 - Loaded plugin thirdparty (category:base,tabindex:-1)
2024-03-19 09:57:16,780 [WARN] IntegrityCheckThread:84 - waiting for thirdparty lock release [integrity check]
2024-03-19 09:57:16,780 [INFO] PluginManage:310 - Check plugin tools
2024-03-19 09:57:16,780 [INFO] IntegrityCheckThread:86 - entering critical section [integrity check]
2024-03-19 09:57:16,782 [INFO] ThirdPartyUpdaterWithRetryManager:70 - Updater plugin not ready yet. [1/15]
2024-03-19 09:57:16,808 [INFO] PluginManage:359 - Loaded plugin tools (category:base,tabindex:7)
2024-03-19 09:57:16,808 [INFO] PluginManage:310 - Check plugin tutovideos
2024-03-19 09:57:16,997 [INFO] PluginManage:359 - Loaded plugin tutovideos (category:base,tabindex:-1)
2024-03-19 09:57:16,997 [INFO] PluginManage:310 - Check plugin updater
2024-03-19 09:57:17,010 [INFO] PluginManage:359 - Loaded plugin updater (category:base,tabindex:12)
2024-03-19 09:57:17,010 [INFO] PluginManage:310 - Check plugin userauth
2024-03-19 09:57:17,016 [INFO] UserAuth:114 - Init User Auth plugin
2024-03-19 09:57:17,017 [INFO] PluginManage:359 - Loaded plugin userauth (category:base,tabindex:14)
2024-03-19 09:57:17,017 [INFO] PluginManage:283 - PluginManage : Loaded plugins [17]
2024-03-19 09:57:17,229 [INFO] PinOutPanel:1499 - setPackage(No Configuration,No Configuration)
2024-03-19 09:57:17,298 [INFO] CADModel:165 - CPN selected for project level
2024-03-19 09:57:17,298 [INFO] CADModel:114 - Register for checkConnection events
2024-03-19 09:57:17,319 [INFO] IPUIPlugin:80 - create IPUIPlugin
2024-03-19 09:57:17,320 [INFO] PluginManager:220 - loadIPPluginJar : add adc
2024-03-19 09:57:17,348 [INFO] IPUIPlugin:80 - create IPUIPlugin
2024-03-19 09:57:17,348 [INFO] PluginManager:220 - loadIPPluginJar : add aes
2024-03-19 09:57:17,382 [INFO] IPUIPlugin:80 - create IPUIPlugin
2024-03-19 09:57:17,382 [INFO] PluginManager:220 - loadIPPluginJar : add can
2024-03-19 09:57:17,401 [INFO] IPUIPlugin:80 - create IPUIPlugin
2024-03-19 09:57:17,402 [INFO] PluginManager:220 - loadIPPluginJar : add comp
2024-03-19 09:57:17,427 [INFO] IPUIPlugin:80 - create IPUIPlugin
2024-03-19 09:57:17,427 [INFO] PluginManager:220 - loadIPPluginJar : add cryp
2024-03-19 09:57:17,450 [INFO] IPUIPlugin:80 - create IPUIPlugin
2024-03-19 09:57:17,450 [INFO] PluginManager:220 - loadIPPluginJar : add dfsdm
2024-03-19 09:57:17,461 [INFO] IPUIPlugin:80 - create IPUIPlugin
2024-03-19 09:57:17,462 [INFO] PluginManager:220 - loadIPPluginJar : add dma
2024-03-19 09:57:17,495 [INFO] IPUIPlugin:80 - create IPUIPlugin
2024-03-19 09:57:17,495 [INFO] PluginManager:220 - loadIPPluginJar : add dma3
2024-03-19 09:57:17,511 [INFO] IPUIPlugin:80 - create IPUIPlugin
2024-03-19 09:57:17,511 [INFO] PluginManager:220 - loadIPPluginJar : add fatfs
2024-03-19 09:57:17,548 [INFO] IPUIPlugin:80 - create IPUIPlugin
2024-03-19 09:57:17,548 [INFO] PluginManager:220 - loadIPPluginJar : add fmc
2024-03-19 09:57:17,561 [INFO] IPUIPlugin:80 - create IPUIPlugin
2024-03-19 09:57:17,561 [INFO] PluginManager:220 - loadIPPluginJar : add freertos
2024-03-19 09:57:17,579 [INFO] IPUIPlugin:80 - create IPUIPlugin
2024-03-19 09:57:17,579 [INFO] PluginManager:220 - loadIPPluginJar : add genericplugin
2024-03-19 09:57:17,648 [INFO] IPUIPlugin:80 - create IPUIPlugin
2024-03-19 09:57:17,648 [INFO] PluginManager:220 - loadIPPluginJar : add gfxmmu
2024-03-19 09:57:17,745 [INFO] IPUIPlugin:80 - create IPUIPlugin
2024-03-19 09:57:17,745 [INFO] PluginManager:220 - loadIPPluginJar : add gic
2024-03-19 09:57:17,756 [INFO] IPUIPlugin:80 - create IPUIPlugin
2024-03-19 09:57:17,756 [INFO] PluginManager:220 - loadIPPluginJar : add gpio
2024-03-19 09:57:17,830 [INFO] IPUIPlugin:80 - create IPUIPlugin
2024-03-19 09:57:17,830 [INFO] PluginManager:220 - loadIPPluginJar : add gtzc
2024-03-19 09:57:17,856 [INFO] IPUIPlugin:80 - create IPUIPlugin
2024-03-19 09:57:17,856 [INFO] PluginManager:220 - loadIPPluginJar : add hash
2024-03-19 09:57:17,896 [INFO] IPUIPlugin:80 - create IPUIPlugin
2024-03-19 09:57:17,896 [INFO] PluginManager:220 - loadIPPluginJar : add i2c
2024-03-19 09:57:17,926 [INFO] IPUIPlugin:80 - create IPUIPlugin
2024-03-19 09:57:17,926 [INFO] PluginManager:220 - loadIPPluginJar : add i2s
2024-03-19 09:57:17,956 [INFO] IPUIPlugin:80 - create IPUIPlugin
2024-03-19 09:57:17,956 [INFO] PluginManager:220 - loadIPPluginJar : add i3c
2024-03-19 09:57:18,039 [INFO] IPUIPlugin:80 - create IPUIPlugin
2024-03-19 09:57:18,039 [INFO] PluginManager:220 - loadIPPluginJar : add ipddr
2024-03-19 09:57:18,109 [INFO] IPUIPlugin:80 - create IPUIPlugin
2024-03-19 09:57:18,109 [INFO] PluginManager:220 - loadIPPluginJar : add linkedlist
2024-03-19 09:57:18,136 [INFO] IPUIPlugin:80 - create IPUIPlugin
2024-03-19 09:57:18,136 [INFO] PluginManager:220 - loadIPPluginJar : add lorawan
2024-03-19 09:57:18,165 [INFO] IPUIPlugin:80 - create IPUIPlugin
2024-03-19 09:57:18,165 [INFO] PluginManager:220 - loadIPPluginJar : add ltdc
2024-03-19 09:57:18,177 [INFO] IPUIPlugin:80 - create IPUIPlugin
2024-03-19 09:57:18,177 [INFO] PluginManager:220 - loadIPPluginJar : add mdma
2024-03-19 09:57:18,187 [INFO] IPUIPlugin:80 - create IPUIPlugin
2024-03-19 09:57:18,187 [INFO] PluginManager:220 - loadIPPluginJar : add nvic
2024-03-19 09:57:18,216 [INFO] IPUIPlugin:80 - create IPUIPlugin
2024-03-19 09:57:18,216 [INFO] PluginManager:220 - loadIPPluginJar : add opamp
2024-03-19 09:57:18,266 [INFO] IPUIPlugin:80 - create IPUIPlugin
2024-03-19 09:57:18,266 [INFO] PluginManager:220 - loadIPPluginJar : add openamp
2024-03-19 09:57:18,298 [INFO] IPUIPlugin:80 - create IPUIPlugin
2024-03-19 09:57:18,299 [INFO] PluginManager:220 - loadIPPluginJar : add pdm2pcm
2024-03-19 09:57:18,311 [INFO] IPUIPlugin:80 - create IPUIPlugin
2024-03-19 09:57:18,313 [INFO] PluginManager:220 - loadIPPluginJar : add plateformsettings
2024-03-19 09:57:18,331 [INFO] IPUIPlugin:80 - create IPUIPlugin
2024-03-19 09:57:18,331 [INFO] PluginManager:220 - loadIPPluginJar : add quadspi
2024-03-19 09:57:18,342 [INFO] IPUIPlugin:80 - create IPUIPlugin
2024-03-19 09:57:18,342 [INFO] PluginManager:220 - loadIPPluginJar : add resmgrutility
2024-03-19 09:57:18,382 [INFO] IPUIPlugin:80 - create IPUIPlugin
2024-03-19 09:57:18,383 [INFO] PluginManager:220 - loadIPPluginJar : add sai
2024-03-19 09:57:18,415 [INFO] IPUIPlugin:80 - create IPUIPlugin
2024-03-19 09:57:18,415 [INFO] PluginManager:220 - loadIPPluginJar : add spi
2024-03-19 09:57:18,473 [INFO] IPUIPlugin:80 - create IPUIPlugin
2024-03-19 09:57:18,474 [INFO] PluginManager:220 - loadIPPluginJar : add stm32_wpan
2024-03-19 09:57:18,492 [INFO] IPUIPlugin:80 - create IPUIPlugin
2024-03-19 09:57:18,492 [INFO] PluginManager:220 - loadIPPluginJar : add tim
2024-03-19 09:57:18,536 [INFO] IPUIPlugin:80 - create IPUIPlugin
2024-03-19 09:57:18,536 [INFO] PluginManager:220 - loadIPPluginJar : add touchsensing
2024-03-19 09:57:18,553 [INFO] IPUIPlugin:80 - create IPUIPlugin
2024-03-19 09:57:18,554 [INFO] PluginManager:220 - loadIPPluginJar : add tracer_emb
2024-03-19 09:57:18,572 [INFO] IPUIPlugin:80 - create IPUIPlugin
2024-03-19 09:57:18,572 [INFO] PluginManager:220 - loadIPPluginJar : add ts
2024-03-19 09:57:18,590 [INFO] IPUIPlugin:80 - create IPUIPlugin
2024-03-19 09:57:18,590 [INFO] PluginManager:220 - loadIPPluginJar : add tsc
2024-03-19 09:57:18,607 [INFO] IPUIPlugin:80 - create IPUIPlugin
2024-03-19 09:57:18,607 [INFO] PluginManager:220 - loadIPPluginJar : add ucpd
2024-03-19 09:57:18,641 [INFO] IPUIPlugin:80 - create IPUIPlugin
2024-03-19 09:57:18,641 [INFO] PluginManager:220 - loadIPPluginJar : add usart
2024-03-19 09:57:18,675 [INFO] IPUIPlugin:80 - create IPUIPlugin
2024-03-19 09:57:18,675 [INFO] PluginManager:220 - loadIPPluginJar : add usbx
2024-03-19 09:57:18,800 [INFO] CADModel:165 - CPN selected for project level
2024-03-19 09:57:18,800 [INFO] CADModel:114 - Register for checkConnection events
2024-03-19 09:57:18,801 [FATAL] Updater:308 - Updater called before beeing initialized
2024-03-19 09:57:18,801 [ERROR] CADModel:125 - Updater not yet initialized, retry later 
2024-03-19 09:57:18,937 [INFO] CADModel:165 - CPN selected for project level
2024-03-19 09:57:18,938 [INFO] CADModel:114 - Register for checkConnection events
2024-03-19 09:57:18,938 [FATAL] Updater:308 - Updater called before beeing initialized
2024-03-19 09:57:18,938 [ERROR] CADModel:125 - Updater not yet initialized, retry later 
2024-03-19 09:57:18,940 [FATAL] Updater:308 - Updater called before beeing initialized
2024-03-19 09:57:19,036 [FATAL] Updater:308 - Updater called before beeing initialized
2024-03-19 09:57:19,045 [INFO] DbMcusAds:53 - JSON generation date=Wed Nov 29 19:52:27 KST 2023 (1701255147349)
2024-03-19 09:57:19,045 [FATAL] Updater:308 - Updater called before beeing initialized
2024-03-19 09:57:19,115 [WARN] DetailPanel:346 - Failed to get advertising image, set to default
2024-03-19 09:57:19,196 [FATAL] Updater:308 - Updater called before beeing initialized
2024-03-19 09:57:19,198 [FATAL] Updater:308 - Updater called before beeing initialized
2024-03-19 09:57:19,198 [FATAL] Updater:308 - Updater called before beeing initialized
2024-03-19 09:57:19,198 [WARN] DetailPanel:346 - Failed to get advertising image, set to default
2024-03-19 09:57:19,198 [FATAL] Updater:308 - Updater called before beeing initialized
2024-03-19 09:57:19,259 [ERROR] Updater:1120 - MainUpdater not yet initialized. External WinMGr cannot be set.
2024-03-19 09:57:19,268 [INFO] Updater:1056 - Updater Version found : 6.10.0
2024-03-19 09:57:19,284 [INFO] ApplicationProperties:184 - Using Application install path: C:\ST\STM32CubeIDE_1.14.1\STM32CubeIDE\plugins\com.st.stm32cube.common.mx_6.10.0.202311202037
2024-03-19 09:57:19,613 [INFO] MainUpdater:2873 - connection check result : 10
2024-03-19 09:57:19,613 [INFO] MainUpdater:290 - Updater Check For Update Now.
2024-03-19 09:57:19,614 [INFO] MicroXplorer:498 - Change Database Version : DB.6.0.100
2024-03-19 09:57:19,632 [INFO] McuFinderGlobals:63 - Set McuFinder mode to 2 (CubeIDE integrated)
2024-03-19 09:57:19,783 [WARN] MainUpdater:1194 - Updater busy. Cannot search thirdparties
2024-03-19 09:57:19,783 [INFO] ThirdPartyUpdaterWithRetryManager:96 - Updater plugin is busy. [1/15]
2024-03-19 09:57:19,812 [INFO] CheckServerUpdateThread:120 - End of CheckServer Thread
2024-03-19 09:57:20,034 [INFO] UserAuth:404 - Internet connection configuration mode: 1
2024-03-19 09:57:20,058 [INFO] JxBrowserEngine:152 - Initiate JxBrowser Engine with user profile folder
2024-03-19 09:57:22,628 [INFO] WebApp:161 - Instantiating new browser for Auth
2024-03-19 09:57:22,950 [WARN] PackLoader:240 - Cannot read IP mode file for STMicroelectronics.X-CUBE-SMBUS.2.1.0
2024-03-19 09:57:22,967 [WARN] PackLoader:240 - Cannot read IP mode file for STMicroelectronics.X-CUBE-TOUCHGFX.4.23.0
2024-03-19 09:57:23,006 [WARN] PackLoader:240 - Cannot read IP mode file for STMicroelectronics.X-CUBE-AZRTOS-F7.1.1.0
2024-03-19 09:57:23,023 [WARN] PackLoader:240 - Cannot read IP mode file for STMicroelectronics.FP-SNS-MOTENV1.4.3.2
2024-03-19 09:57:23,036 [WARN] PackLoader:240 - Cannot read IP mode file for STMicroelectronics.FP-SNS-FLIGHT1.5.0.2
2024-03-19 09:57:23,052 [WARN] PackLoader:240 - Cannot read IP mode file for STMicroelectronics.X-CUBE-DISPLAY.3.0.0
2024-03-19 09:57:23,071 [WARN] PackLoader:240 - Cannot read IP mode file for STMicroelectronics.X-CUBE-BLE1.7.0.0
2024-03-19 09:57:23,083 [WARN] PackLoader:240 - Cannot read IP mode file for emotas.I-CUBE-CANOPEN.1.3.0
2024-03-19 09:57:23,100 [WARN] PackLoader:240 - Cannot read IP mode file for STMicroelectronics.X-CUBE-BLEMGR.3.1.0
2024-03-19 09:57:23,114 [WARN] PackLoader:240 - Cannot read IP mode file for STMicroelectronics.FP-SNS-SMARTAG2.1.2.0
2024-03-19 09:57:23,137 [INFO] LogOutputStream:77 - [STDOUT_REDIRECT] 1 : Invalid condition id : UX_CORESTACK_Condition cause : null
2024-03-19 09:57:23,139 [INFO] LogOutputStream:77 - [STDOUT_REDIRECT] 1 : Invalid condition id : UX_CORESTACK_Condition cause : null
2024-03-19 09:57:23,140 [INFO] LogOutputStream:77 - [STDOUT_REDIRECT] 1 : Invalid condition id : UX_CORESTACK_Condition cause : null
2024-03-19 09:57:23,142 [INFO] LogOutputStream:77 - [STDOUT_REDIRECT] 1 : Invalid condition id : UX_CORESTACK_Condition cause : null
2024-03-19 09:57:23,144 [INFO] LogOutputStream:77 - [STDOUT_REDIRECT] 1 : Invalid condition id : UX_CORESTACK_Condition cause : null
2024-03-19 09:57:23,147 [WARN] PackLoader:240 - Cannot read IP mode file for STMicroelectronics.X-CUBE-AZRTOS-WL.2.0.0
2024-03-19 09:57:23,164 [WARN] PackLoader:240 - Cannot read IP mode file for WES.I-CUBE-Cesium.1.3.0
2024-03-19 09:57:23,198 [WARN] PackLoader:240 - Cannot read IP mode file for STMicroelectronics.X-CUBE-BLE2.3.3.0
2024-03-19 09:57:23,214 [WARN] PackLoader:240 - Cannot read IP mode file for STMicroelectronics.X-CUBE-ALGOBUILD.1.3.0
2024-03-19 09:57:23,247 [WARN] PackLoader:240 - Cannot read IP mode file for STMicroelectronics.X-CUBE-AZRTOS-G0.1.1.0
2024-03-19 09:57:23,263 [WARN] PackLoader:240 - Cannot read IP mode file for STMicroelectronics.X-CUBE-NFC4.3.0.0
2024-03-19 09:57:23,278 [WARN] PackLoader:240 - Cannot read IP mode file for STMicroelectronics.FP-ATR-SIGFOX1.3.2.0
2024-03-19 09:57:23,292 [WARN] PackLoader:240 - Cannot read IP mode file for STMicroelectronics.X-CUBE-EEPRMA1.5.1.0
2024-03-19 09:57:23,323 [WARN] PackLoader:240 - Cannot read IP mode file for SEGGER.I-CUBE-embOS.1.3.1
2024-03-19 09:57:23,360 [WARN] PackLoader:240 - Cannot read IP mode file for STMicroelectronics.X-CUBE-GNSS1.6.0.0
2024-03-19 09:57:23,390 [WARN] PackLoader:240 - Cannot read IP mode file for STMicroelectronics.X-CUBE-AZRTOS-F4.1.1.0
2024-03-19 09:57:23,409 [WARN] PackLoader:240 - Cannot read IP mode file for wolfSSL.I-CUBE-wolfSSL.5.6.6
2024-03-19 09:57:23,434 [WARN] PackLoader:240 - Cannot read IP mode file for STMicroelectronics.X-CUBE-AZRTOS-L5.2.0.0
2024-03-19 09:57:23,436 [INFO] WebApp:780 - Register for checkConnection events
2024-03-19 09:57:23,436 [INFO] WebApp:414 - Apply proxy settings
2024-03-19 09:57:23,436 [INFO] WebApp:499 - Chromium requires no authentication
2024-03-19 09:57:23,448 [INFO] WebApp:442 - Direct internet connection detected
2024-03-19 09:57:23,448 [WARN] PackLoader:240 - Cannot read IP mode file for ITTIA_DB.I-CUBE-ITTIADB.8.8.0
2024-03-19 09:57:23,459 [WARN] PackLoader:240 - Cannot read IP mode file for STMicroelectronics.X-CUBE-NFC7.1.0.1
2024-03-19 09:57:23,473 [WARN] PackLoader:240 - Cannot read IP mode file for STMicroelectronics.X-CUBE-NFC6.3.0.0
2024-03-19 09:57:23,484 [WARN] PackLoader:240 - Cannot read IP mode file for STMicroelectronics.X-CUBE-AI.8.1.0
2024-03-19 09:57:23,522 [WARN] ConditionMgr:438 - getConditionDescription Invalid condition id : LAN8742 Phy interface Condition cause : null
2024-03-19 09:57:23,523 [WARN] PackLoader:240 - Cannot read IP mode file for STMicroelectronics.X-CUBE-AZRTOS-L4.2.0.0
2024-03-19 09:57:23,525 [WARN] ConditionMgr:1039 - genDependencies : Invalid condition id : LAN8742 Phy interface Condition cause : null
2024-03-19 09:57:23,525 [WARN] ConditionMgr:1039 - genDependencies : Invalid condition id : LAN8742 Phy interface Condition cause : null
2024-03-19 09:57:23,526 [WARN] ConditionMgr:1039 - genDependencies : Invalid condition id : LAN8742 Phy interface Condition cause : null
2024-03-19 09:57:23,541 [WARN] PackLoader:240 - Cannot read IP mode file for STMicroelectronics.X-CUBE-SFXS2LP1.4.0.0
2024-03-19 09:57:23,565 [WARN] ConditionMgr:438 - getConditionDescription Invalid condition id : UX DEVICE CLASS RTOS Condition cause : null
2024-03-19 09:57:23,565 [WARN] ConditionMgr:438 - getConditionDescription Invalid condition id : UX DEVICE CLASS RTOS Condition cause : null
2024-03-19 09:57:23,566 [WARN] PackLoader:240 - Cannot read IP mode file for STMicroelectronics.X-CUBE-AZRTOS-WB.2.0.0
2024-03-19 09:57:23,567 [WARN] ConditionMgr:1039 - genDependencies : Invalid condition id : UX DEVICE CLASS RTOS Condition cause : null
2024-03-19 09:57:23,567 [WARN] ConditionMgr:1039 - genDependencies : Invalid condition id : UX DEVICE CLASS RTOS Condition cause : null
2024-03-19 09:57:23,567 [WARN] ConditionMgr:1039 - genDependencies : Invalid condition id : UX DEVICE CLASS RTOS Condition cause : null
2024-03-19 09:57:23,567 [WARN] ConditionMgr:1039 - genDependencies : Invalid condition id : UX DEVICE CLASS RTOS Condition cause : null
2024-03-19 09:57:23,567 [WARN] ConditionMgr:1039 - genDependencies : Invalid condition id : UX DEVICE CLASS RTOS Condition cause : null
2024-03-19 09:57:23,585 [WARN] PackLoader:240 - Cannot read IP mode file for STMicroelectronics.X-CUBE-SUBG2.5.0.0
2024-03-19 09:57:23,615 [WARN] PackLoader:240 - Cannot read IP mode file for STMicroelectronics.X-CUBE-AZRTOS-G4.2.0.0
2024-03-19 09:57:23,637 [WARN] PackLoader:240 - Cannot read IP mode file for Infineon.AIROC-Wi-Fi-Bluetooth-STM32.1.5.1
2024-03-19 09:57:23,652 [WARN] PackLoader:240 - Cannot read IP mode file for STMicroelectronics.FP-SNS-MOTENVWB1.1.3.1
2024-03-19 09:57:23,664 [WARN] PackLoader:240 - Cannot read IP mode file for STMicroelectronics.X-CUBE-ISPU.2.0.0
2024-03-19 09:57:23,708 [WARN] PackLoader:240 - Cannot read IP mode file for STMicroelectronics.X-CUBE-MEMS1.10.0.0
2024-03-19 09:57:23,709 [INFO] WebApp:192 - Starting web application
2024-03-19 09:57:23,709 [INFO] WebApp:544 - Web application path used C:\ST\STM32CubeIDE_1.14.1\STM32CubeIDE\plugins\com.st.stm32cube.common.mx_6.10.0.202311202037\db\plugins\mcufinder\reactClient1\index.html
2024-03-19 09:57:23,849 [WARN] PackLoader:240 - Cannot read IP mode file for STMicroelectronics.X-CUBE-FREERTOS.1.1.0
2024-03-19 09:57:23,864 [WARN] PackLoader:240 - Cannot read IP mode file for portGmbH.I-Cube-SoM-uGOAL.1.1.0
2024-03-19 09:57:23,880 [WARN] PackLoader:240 - Cannot read IP mode file for STMicroelectronics.X-CUBE-ALS.1.0.1
2024-03-19 09:57:23,901 [WARN] PackLoader:240 - Cannot read IP mode file for STMicroelectronics.FP-ATR-ASTRA1.2.0.0
2024-03-19 09:57:23,923 [WARN] PackLoader:240 - Cannot read IP mode file for STMicroelectronics.X-CUBE-TOF1.3.4.1
2024-03-19 09:57:23,979 [WARN] PackLoader:240 - Cannot read IP mode file for STMicroelectronics.X-CUBE-AZRTOS-H7.3.2.0
2024-03-19 09:57:23,986 [INFO] ThirdParty:978 - Integrity check success = true
2024-03-19 09:57:23,986 [INFO] IntegrityCheckThread:100 - exiting critical section [integrity check]
2024-03-19 09:57:23,987 [INFO] IntegrityCheckThread:103 - End integrity checks thread
2024-03-19 09:57:44,665 [ERROR] LogOutputStream:75 - [STDERR_REDIRECT] SLF4J: Failed to load class "org.slf4j.impl.StaticLoggerBinder".
2024-03-19 09:57:44,666 [ERROR] LogOutputStream:75 - [STDERR_REDIRECT] SLF4J: Defaulting to no-operation (NOP) logger implementation
2024-03-19 09:57:44,667 [ERROR] LogOutputStream:75 - [STDERR_REDIRECT] SLF4J: See http://www.slf4j.org/codes.html#StaticLoggerBinder for further details.
2024-03-19 10:05:03,992 [INFO] McuFinderGlobals:63 - Set McuFinder mode to 2 (CubeIDE integrated)
2024-03-19 10:05:04,008 [INFO] MainUpdater:2873 - connection check result : 10
2024-03-19 10:05:04,013 [INFO] MainUpdater:2873 - connection check result : 10
2024-03-19 10:05:04,150 [INFO] MicroXplorer:468 - Change Database Path : 
2024-03-19 10:05:04,150 [INFO] MicroXplorer:498 - Change Database Version : DB.6.0.100
2024-03-19 10:05:04,154 [WARN] ThirdParty:871 - waiting for thirdparty lock release [close project]
2024-03-19 10:05:04,154 [INFO] ThirdParty:873 - entering critical section [close project]
2024-03-19 10:05:04,155 [INFO] ThirdParty:883 - exiting critical section [close project]
2024-03-19 10:05:04,156 [INFO] PinOutPanel:1499 - setPackage(No Configuration,No Configuration)
2024-03-19 10:05:04,159 [INFO] UtilMem:75 - Begin LoadConfig() Used Memory: 542729784 Bytes (793772032)
2024-03-19 10:05:04,160 [INFO] MicroXplorer:468 - Change Database Path : 
2024-03-19 10:05:04,161 [INFO] MicroXplorer:498 - Change Database Version : DB.6.0.100
2024-03-19 10:05:04,161 [INFO] OpenFileManager:312 - Change cursor
2024-03-19 10:05:04,193 [INFO] Mcu:2016 - Initializing MCU STM32F103R(8-B)Tx STM32F103RBTx STM32F103RBT6
2024-03-19 10:05:05,226 [INFO] Context:659 - Trying to add GPIOservice into a context  which must be forbidden
2024-03-19 10:05:05,515 [INFO] RtosManager:555 - Registered RTOS mode: class=CMSIS, group=RTOS, mode=CMSIS_V1, owner=FREERTOS
2024-03-19 10:05:05,516 [INFO] RtosManager:555 - Registered RTOS mode: class=CMSIS, group=RTOS2, mode=CMSIS_V2, owner=FREERTOS
2024-03-19 10:05:05,516 [INFO] RtosManager:555 - Registered RTOS mode: class=RTOS, group=Core, mode=CMSIS_V1, owner=FREERTOS
2024-03-19 10:05:05,516 [INFO] RtosManager:555 - Registered RTOS mode: class=RTOS, group=Core, mode=CMSIS_V2, owner=FREERTOS
2024-03-19 10:05:05,516 [WARN] ModelIntegratedComponent:184 - Missing modes for component STMicroelectronics:FreeRTOS:0.0.1:STMicroelectronics:RTOS:FreeRTOS:Core:::10.2.0:
2024-03-19 10:05:05,529 [WARN] ModelIntegratedComponent:63 - No mode defined for component null
2024-03-19 10:05:05,529 [WARN] ModelIntegratedComponent:63 - No mode defined for component null
2024-03-19 10:05:05,529 [WARN] ModelIntegratedComponent:63 - No mode defined for component null
2024-03-19 10:05:05,529 [WARN] ModelIntegratedComponent:63 - No mode defined for component null
2024-03-19 10:05:05,529 [WARN] ModelIntegratedComponent:63 - No mode defined for component null
2024-03-19 10:05:05,529 [WARN] ModelIntegratedComponent:63 - No mode defined for component null
2024-03-19 10:05:05,529 [WARN] ModelIntegratedComponent:63 - No mode defined for component null
2024-03-19 10:05:05,529 [WARN] ModelIntegratedComponent:63 - No mode defined for component null
2024-03-19 10:05:05,529 [WARN] ModelIntegratedComponent:63 - No mode defined for component null
2024-03-19 10:05:05,529 [WARN] ModelIntegratedComponent:63 - No mode defined for component null
2024-03-19 10:05:05,529 [WARN] ModelIntegratedComponent:63 - No mode defined for component null
2024-03-19 10:05:05,529 [WARN] ModelIntegratedComponent:63 - No mode defined for component null
2024-03-19 10:05:05,529 [WARN] ModelIntegratedComponent:63 - No mode defined for component null
2024-03-19 10:05:05,529 [WARN] ModelIntegratedComponent:63 - No mode defined for component null
2024-03-19 10:05:05,530 [WARN] ModelIntegratedComponent:63 - No mode defined for component null
2024-03-19 10:05:05,530 [WARN] ModelIntegratedComponent:63 - No mode defined for component null
2024-03-19 10:05:05,530 [WARN] ModelIntegratedComponent:63 - No mode defined for component null
2024-03-19 10:05:05,530 [WARN] ModelIntegratedComponent:63 - No mode defined for component null
2024-03-19 10:05:05,530 [WARN] ModelIntegratedComponent:63 - No mode defined for component null
2024-03-19 10:05:05,530 [WARN] ModelIntegratedComponent:63 - No mode defined for component null
2024-03-19 10:05:05,530 [WARN] ModelIntegratedComponent:63 - No mode defined for component null
2024-03-19 10:05:05,530 [WARN] ModelIntegratedComponent:63 - No mode defined for component null
2024-03-19 10:05:05,530 [WARN] ModelIntegratedComponent:63 - No mode defined for component null
2024-03-19 10:05:05,530 [WARN] ModelIntegratedComponent:63 - No mode defined for component null
2024-03-19 10:05:05,530 [WARN] ModelIntegratedComponent:63 - No mode defined for component null
2024-03-19 10:05:05,530 [WARN] ModelIntegratedComponent:63 - No mode defined for component null
2024-03-19 10:05:05,530 [WARN] ModelIntegratedComponent:63 - No mode defined for component null
2024-03-19 10:05:05,530 [WARN] ModelIntegratedComponent:63 - No mode defined for component null
2024-03-19 10:05:05,530 [WARN] ModelIntegratedComponent:63 - No mode defined for component null
2024-03-19 10:05:05,530 [WARN] ModelIntegratedComponent:63 - No mode defined for component null
2024-03-19 10:05:05,530 [WARN] ModelIntegratedComponent:63 - No mode defined for component null
2024-03-19 10:05:05,530 [WARN] ModelIntegratedComponent:63 - No mode defined for component null
2024-03-19 10:05:05,530 [WARN] ModelIntegratedComponent:63 - No mode defined for component null
2024-03-19 10:05:05,700 [INFO] ThirdPartyModel:298 - Start build external matchings
2024-03-19 10:05:05,906 [INFO] ThirdPartyModel:316 - End build external matchings
2024-03-19 10:05:05,917 [INFO] ImportTextPane:194 - (OptionalMessage_ERROR) IP (RCC) : Parameter (ADCFreqValue) has invalid value (36000000)
2024-03-19 10:05:05,917 [INFO] ImportTextPane:194 - (OptionalMessage_ERROR) IP (RCC) : Invalid parameter (FamilyName)
2024-03-19 10:05:05,918 [INFO] ImportTextPane:194 - (OptionalMessage_ERROR) IP (RCC) : Parameter (MCOFreq_Value) has invalid value (72000000)
2024-03-19 10:05:05,918 [INFO] ImportTextPane:194 - (OptionalMessage_ERROR) IP (RCC) : Parameter (USBFreq_Value) has invalid value (72000000)
2024-03-19 10:05:06,157 [INFO] UtilMem:75 - End LoadConfig() Used Memory: 515296184 Bytes (1010827264)
2024-03-19 10:05:06,284 [INFO] ApiDb:581 - Connected to CubeFinder SQLite database (C:\Users\D10180\.stmcufinder\plugins\mcufinder\mcu\cube-finder-db.db)
2024-03-19 10:05:06,412 [INFO] ApiDb:668 - CubeFinder database Data Model version=2.1
2024-03-19 10:05:06,412 [INFO] ApiDb:669 - CubeFinder database Configuration version=3.0.39
2024-03-19 10:05:06,413 [INFO] ApiDb:670 - CubeFinder database generation date=2024-02-19 (1708350410)
2024-03-19 10:05:06,413 [INFO] ApiDb:671 - CubeFinder database FW Pack versions=[FP-ATR-ASTRA1_V2.0.0, FP-SNS-FLIGHT1_V5.0.1, FP-SNS-FLIGHT1_V5.0.2, FP-SNS-MOTENV1_V4.3.1, FP-SNS-MOTENV1_V4.3.2, FP-SNS-MOTENVWB1_V1.3.1, FP-SNS-SMARTAG2_V1.2.0, STM32Cube_FW_C0_V1.1.0, STM32Cube_FW_F4_V1.28.0, STM32Cube_FW_F7_V1.17.0, STM32Cube_FW_G0_V1.6.2, STM32Cube_FW_G4_V1.5.2, STM32Cube_FW_H5_V0.5.1, STM32Cube_FW_H5_V1.1.1, STM32Cube_FW_H5_V1.2.0RC2, STM32Cube_FW_H7_V1.11.0, STM32Cube_FW_L0_V1.12.2, STM32Cube_FW_L5_V1.5.0, STM32Cube_FW_U5_V1.3.0RC4, STM32Cube_FW_U5_V1.4.0, STM32Cube_FW_WBA_V1.0.0RC1, STM32Cube_FW_WBA_V1.1.0RC1, STM32Cube_FW_WBA_V1.2.0, STM32Cube_FW_WBA_V1.2.0RC2, STM32Cube_FW_WB_V1.15.0RC1, STM32Cube_FW_WB_V1.16.0, STM32Cube_FW_WB_V1.16.0RC2, STM32Cube_FW_WB_V1.18.0, STM32Cube_FW_WL_V1.3.0, X-CUBE-ALGOBUILD_V1.3.0, X-CUBE-ALS_V1.0.1, X-CUBE-AZRTOS-F4_V1.1.0, X-CUBE-AZRTOS-F7_V1.1.0, X-CUBE-AZRTOS-G0_V1.1.0, X-CUBE-AZRTOS-G4_V2.0.0, X-CUBE-AZRTOS-H7_V3.2.0, X-CUBE-AZRTOS-L4_V1.0.0, X-CUBE-AZRTOS-L4_V2.0.0, X-CUBE-AZRTOS-L5_V1.1.0, X-CUBE-AZRTOS-WB_V2.0.0, X-CUBE-AZRTOS-WL_V2.0.0, X-CUBE-BLE1_V7.0.0, X-CUBE-BLE2_V3.3.0, X-CUBE-BLEMGR_V3.0.0, X-CUBE-EEPRMA1_V4.1.0, X-CUBE-EEPRMA1_V5.1.0, X-CUBE-FREERTOS_V1.1.0, X-CUBE-GNSS1_V6.0.0, X-CUBE-MEMS1_V10.0.0, X-CUBE-MEMS1_V9.1.0, X-CUBE-MEMS1_V9.4.0, X-CUBE-MEMS1_V9.6.0, X-CUBE-NFC4_V3.0.0, X-CUBE-NFC7_V1.0.1, X-CUBE-SFXS2LP1_V4.0.0, X-CUBE-SUBG2_V5.0.0, X-CUBE-TOF1_V3.4.0]
2024-03-19 10:05:08,820 [INFO] ApiDb:240 - Found 371 in-development CPN: [B-G473E-ZEST1S, B-WB1M-WPAN1, B-WL5M-SUBG1, NUCLEO-C031C6, NUCLEO-H503RB, NUCLEO-H563ZI, NUCLEO-U545RE-Q, NUCLEO-U5A5ZJ-Q, NUCLEO-WBA52CG, NUCLEO-WBA55CG, STEVAL-MKBOXPRO, STEVAL-PROTEUS1, STEVAL-STWINBX1, STM320518-EVAL, STM32C0116-DK, STM32C011D6Y3TR, STM32C011D6Y6TR, STM32C011F4P3, STM32C011F4P6, STM32C011F4U3, STM32C011F4U6TR, STM32C011F6P3, STM32C011F6P6, STM32C011F6U3, STM32C011F6U6TR, STM32C011J4M3, STM32C011J4M6, STM32C011J6M3, STM32C011J6M6, STM32C0316-DK, STM32C031C4T3, STM32C031C4T6, STM32C031C4U3, STM32C031C4U6, STM32C031C6T3, STM32C031C6T6, STM32C031C6U3, STM32C031C6U6, STM32C031F4P3, STM32C031F4P6, STM32C031F6P3, STM32C031F6P6, STM32C031G4U3, STM32C031G4U6, STM32C031G6U3, STM32C031G6U6, STM32C031K4T3, STM32C031K4T6, STM32C031K4U3, STM32C031K4U6, STM32C031K6T3, STM32C031K6T6, STM32C031K6U3, STM32C031K6U6, STM32G071K8TXN, STM32G071K8UXN, STM32G081GBU6N, STM32G081KBT6N, STM32G081KBUXN, STM32G0B1CCT6N, STM32G0B1KCT6, STM32G0B1NEY6TR, STM32G0B1RCT6N, STM32G0C1CCT6, STM32G0C1CCT6N, STM32G0C1CCU6N, STM32G0C1CET6N, STM32G0C1CEU6N, STM32G0C1KCT6, STM32G0C1NEY6TR, STM32G0C1RCI6N, STM32G0C1RCT6N, STM32G0C1REI6N, STM32G0C1RET6N, STM32G0C1VCI6, STM32G0C1VEI6, STM32G471CCT6, STM32G471CCU6, STM32G471CET3, STM32G471CET6, STM32G471CEU3, STM32G471CEU6, STM32G471MCT6, STM32G471MET3, STM32G471MET6, STM32G471MEY6TR, STM32G471QCT6, STM32G471QET3, STM32G471RCT6, STM32G471RET3, STM32G471RET6, STM32G471VCH6, STM32G471VCI6, STM32G471VCT6, STM32G471VEH3, STM32G471VEH6, STM32G471VEI3, STM32G471VEI6, STM32G471VET3, STM32G471VET6, STM32G474CCT6, STM32H503CBT6, STM32H503CBU6, STM32H503EBY6TR, STM32H503KBU6, STM32H503RBT6, STM32H562AGI6, STM32H562AII6, STM32H562IGK6, STM32H562IGT6, STM32H562IIK6, STM32H562IIT6, STM32H562RGT6, STM32H562RGV6, STM32H562RIT6, STM32H562RIV6, STM32H562VGT6, STM32H562VIT6, STM32H562ZGT6, STM32H562ZIT6, STM32H563AGI6, STM32H563AII3Q, STM32H563AII6, STM32H563IGK6, STM32H563IGT6, STM32H563IIK3Q, STM32H563IIK6, STM32H563IIT3Q, STM32H563IIT6, STM32H563MIY3QTR, STM32H563RGT6, STM32H563RGV6, STM32H563RIT6, STM32H563RIV6, STM32H563VGT6, STM32H563VIT3Q, STM32H563VIT6, STM32H563ZGT6, STM32H563ZIT3Q, STM32H563ZIT6, STM32H573AII3Q, STM32H573AII6, STM32H573I-DK, STM32H573IIK3Q, STM32H573IIK6, STM32H573IIT3Q, STM32H573IIT6, STM32H573MIY3QTR, STM32H573RIT6, STM32H573RIV6, STM32H573VIT3Q, STM32H573VIT6, STM32H573ZIT3Q, STM32H573ZIT6, STM32L4R5QGI6STR, STM32MP131AAE3, STM32MP131AAF3, STM32MP131AAG3, STM32MP131CAE3, STM32MP131CAF3, STM32MP131CAG3, STM32MP131DAE7, STM32MP131DAF7, STM32MP131DAG7, STM32MP131FAE7, STM32MP131FAF7, STM32MP131FAG7, STM32MP133AAE3, STM32MP133AAF3, STM32MP133AAG3, STM32MP133CAE3, STM32MP133CAF3, STM32MP133CAG3, STM32MP133DAE7, STM32MP133DAF7, STM32MP133DAG7, STM32MP133FAE7, STM32MP133FAF7, STM32MP133FAG7, STM32MP135AAE3, STM32MP135AAF3, STM32MP135AAG3, STM32MP135CAE3, STM32MP135CAF3, STM32MP135CAG3, STM32MP135DAE7, STM32MP135DAF7, STM32MP135DAG7, STM32MP135F-DK, STM32MP135FAE7, STM32MP135FAF7, STM32MP135FAF7T, STM32MP135FAF7U, STM32MP135FAG7, STM32U535CBT6, STM32U535CBT6Q, STM32U535CBU6, STM32U535CBU6Q, STM32U535CCT6, STM32U535CCT6Q, STM32U535CCU6, STM32U535CCU6Q, STM32U535CET6, STM32U535CET6Q, STM32U535CEU6, STM32U535CEU6Q, STM32U535JEY6QTR, STM32U535NCY6QTR, STM32U535NEY6QTR, STM32U535RBI6, STM32U535RBI6Q, STM32U535RBT6, STM32U535RBT6Q, STM32U535RCI6, STM32U535RCI6Q, STM32U535RCT6, STM32U535RCT6Q, STM32U535REI6, STM32U535REI6Q, STM32U535RET6, STM32U535RET6Q, STM32U535VCI6, STM32U535VCI6Q, STM32U535VCT6, STM32U535VCT6Q, STM32U535VEI6, STM32U535VEI6Q, STM32U535VET6, STM32U535VET6Q, STM32U545CET6, STM32U545CET6Q, STM32U545CEU6, STM32U545CEU6Q, STM32U545JEY6QTR, STM32U545NEY6QTR, STM32U545REI6, STM32U545REI6Q, STM32U545RET6, STM32U545RET6Q, STM32U545VEI6, STM32U545VEI6Q, STM32U545VET6, STM32U545VET6Q, STM32U595AIH6, STM32U595AIH6Q, STM32U595AJH6, STM32U595AJH6Q, STM32U595QII6, STM32U595QII6Q, STM32U595QJI6, STM32U595QJI6Q, STM32U595RIT6, STM32U595RIT6Q, STM32U595RJT6, STM32U595RJT6Q, STM32U595VIT6, STM32U595VIT6Q, STM32U595VJT6, STM32U595VJT6Q, STM32U595ZIT6, STM32U595ZIT6Q, STM32U595ZIY6QTR, STM32U595ZJT6, STM32U595ZJT6Q, STM32U595ZJY6QTR, STM32U599BJY6QTR, STM32U599NIH6Q, STM32U599NJH6Q, STM32U599VIT6Q, STM32U599VJT6, STM32U599VJT6Q, STM32U599ZIT6Q, STM32U599ZIY6QTR, STM32U599ZJT6Q, STM32U599ZJY6QTR, STM32U5A5AJH6, STM32U5A5AJH6Q, STM32U5A5QJI6, STM32U5A5QJI6Q, STM32U5A5RJT6, STM32U5A5RJT6Q, STM32U5A5VJT6, STM32U5A5VJT6Q, STM32U5A5ZJT6, STM32U5A5ZJT6Q, STM32U5A5ZJY6QTR, STM32U5A9BJY6QTR, STM32U5A9J-DK, STM32U5A9NJH6Q, STM32U5A9VJT6Q, STM32U5A9ZJT6Q, STM32U5A9ZJY6QTR, STM32U5F7VIT6, STM32U5F7VIT6Q, STM32U5F7VJT6, STM32U5F7VJT6Q, STM32U5F9BJY6QTR, STM32U5F9NJH6Q, STM32U5F9VIT6Q, STM32U5F9VJT6Q, STM32U5F9ZIJ6QTR, STM32U5F9ZIT6Q, STM32U5F9ZJJ6QTR, STM32U5F9ZJT6Q, STM32U5G7VJT6, STM32U5G7VJT6Q, STM32U5G9BJY6QTR, STM32U5G9J-DK1, STM32U5G9J-DK2, STM32U5G9NJH6Q, STM32U5G9VJT6Q, STM32U5G9ZJJ6QTR, STM32U5G9ZJT6Q, STM32WB1MMCH6, STM32WBA50KEU6, STM32WBA50KEU6TR, STM32WBA50KGU6, STM32WBA50KGU6TR, STM32WBA52CEU6, STM32WBA52CEU6TR, STM32WBA52CEU7, STM32WBA52CEU7TR, STM32WBA52CGU6, STM32WBA52CGU6TR, STM32WBA52CGU6U, STM32WBA52CGU7, STM32WBA52CGU7TR, STM32WBA52KEU6, STM32WBA52KEU6TR, STM32WBA52KGU6, STM32WBA52KGU6TR, STM32WBA54CEU6, STM32WBA54CEU6TR, STM32WBA54CEU7, STM32WBA54CEU7TR, STM32WBA54CGU6, STM32WBA54CGU6TR, STM32WBA54CGU7, STM32WBA54CGU7TR, STM32WBA54KEU6, STM32WBA54KEU6TR, STM32WBA54KEU7, STM32WBA54KEU7TR, STM32WBA54KGU6, STM32WBA54KGU6TR, STM32WBA54KGU7, STM32WBA54KGU7TR, STM32WBA55CEU6, STM32WBA55CEU6TR, STM32WBA55CEU7, STM32WBA55CEU7TR, STM32WBA55CGU6, STM32WBA55CGU6TR, STM32WBA55CGU6U, STM32WBA55CGU7, STM32WBA55CGU7TR, STM32WBA55G-DK1, STM32WBA55HEF6, STM32WBA55HEF7, STM32WBA55HGF6, STM32WBA55HGF7, STM32WBA55UEI6, STM32WBA55UEI6TR, STM32WBA55UEI7, STM32WBA55UEI7TR, STM32WBA55UGI6, STM32WBA55UGI6TR, STM32WBA55UGI7, STM32WBA55UGI7TR, STM32WL5MOCH6, STM32WL5MOCH6TR]
2024-03-19 10:05:08,823 [INFO] DbMcus:218 - Found 3930 MCUs, 3930 are supported
2024-03-19 10:05:08,823 [INFO] ApiDb:414 - User favorites file not found: C:\Users\D10180/.stm32cubeide/favorites.mcus.txt
2024-03-19 10:05:08,823 [INFO] DbMcus:224 - Set 0 / 0 favorites MCUs
2024-03-19 10:05:09,165 [INFO] MicroXplorer:468 - Change Database Path : 
2024-03-19 10:05:09,165 [INFO] MicroXplorer:498 - Change Database Version : DB.6.0.100
2024-03-19 10:05:09,165 [WARN] ThirdParty:833 - waiting for thirdparty lock release [change project]
2024-03-19 10:05:09,165 [INFO] ThirdParty:835 - entering critical section [change project]
2024-03-19 10:05:09,165 [INFO] ThirdParty:1030 - CMSIS Pack Vendor :STMicroelectronics USBPD 4.1
2024-03-19 10:05:09,165 [INFO] ThirdParty:1030 - CMSIS Pack Vendor :STMicroelectronics X-CUBE-GNSS1 6.0.0
2024-03-19 10:05:09,165 [INFO] ThirdParty:1030 - CMSIS Pack Vendor :STMicroelectronics USB_HOST 2.0.0
2024-03-19 10:05:09,165 [INFO] ThirdParty:1030 - CMSIS Pack Vendor :STMicroelectronics X-CUBE-AZRTOS-F4 1.1.0
2024-03-19 10:05:09,165 [INFO] ThirdParty:1030 - CMSIS Pack Vendor :STMicroelectronics LIBJPEG 8.0.0
2024-03-19 10:05:09,165 [INFO] ThirdParty:1030 - CMSIS Pack Vendor :STMicroelectronics X-CUBE-SMBUS 2.1.0
2024-03-19 10:05:09,165 [INFO] ThirdParty:1030 - CMSIS Pack Vendor :STMicroelectronics USB_DEVICE 3.0.0
2024-03-19 10:05:09,166 [INFO] ThirdParty:1030 - CMSIS Pack Vendor :STMicroelectronics X-CUBE-AZRTOS-WB 2.0.0
2024-03-19 10:05:09,166 [INFO] ThirdParty:1030 - CMSIS Pack Vendor :wolfSSL I-CUBE-wolfSSL 5.6.6
2024-03-19 10:05:09,166 [INFO] ThirdParty:1030 - CMSIS Pack Vendor :STMicroelectronics X-CUBE-TOUCHGFX 4.23.0
2024-03-19 10:05:09,166 [INFO] ThirdParty:1030 - CMSIS Pack Vendor :STMicroelectronics X-CUBE-AZRTOS-F7 1.1.0
2024-03-19 10:05:09,166 [INFO] ThirdParty:1030 - CMSIS Pack Vendor :STMicroelectronics X-CUBE-AZRTOS-L5 2.0.0
2024-03-19 10:05:09,166 [INFO] ThirdParty:1030 - CMSIS Pack Vendor :STMicroelectronics USB_DEVICE 2.0.0
2024-03-19 10:05:09,166 [INFO] ThirdParty:1030 - CMSIS Pack Vendor :ITTIA_DB I-CUBE-ITTIADB 8.8.0
2024-03-19 10:05:09,166 [INFO] ThirdParty:1030 - CMSIS Pack Vendor :STMicroelectronics FP-SNS-MOTENV1 4.3.2
2024-03-19 10:05:09,166 [INFO] ThirdParty:1030 - CMSIS Pack Vendor :STMicroelectronics X-CUBE-ALGOBUILD 1.3.0
2024-03-19 10:05:09,166 [INFO] ThirdParty:1030 - CMSIS Pack Vendor :STMicroelectronics FreeRTOS 0.0.1
2024-03-19 10:05:09,166 [INFO] ThirdParty:1030 - CMSIS Pack Vendor :STMicroelectronics X-CUBE-AZRTOS-G0 1.1.0
2024-03-19 10:05:09,166 [INFO] ThirdParty:1030 - CMSIS Pack Vendor :STMicroelectronics X-CUBE-NFC4 3.0.0
2024-03-19 10:05:09,166 [INFO] ThirdParty:1030 - CMSIS Pack Vendor :STMicroelectronics X-CUBE-SUBG2 5.0.0
2024-03-19 10:05:09,166 [INFO] ThirdParty:1030 - CMSIS Pack Vendor :STMicroelectronics STM32_WPAN 1.0.0
2024-03-19 10:05:09,166 [INFO] ThirdParty:1030 - CMSIS Pack Vendor :STMicroelectronics lwIP 2.0.3
2024-03-19 10:05:09,166 [INFO] ThirdParty:1030 - CMSIS Pack Vendor :STMicroelectronics FP-SNS-FLIGHT1 5.0.2
2024-03-19 10:05:09,166 [INFO] ThirdParty:1030 - CMSIS Pack Vendor :STMicroelectronics USB_HOST 1.0.0
2024-03-19 10:05:09,166 [INFO] ThirdParty:1030 - CMSIS Pack Vendor :STMicroelectronics X-CUBE-AZRTOS-G4 2.0.0
2024-03-19 10:05:09,166 [INFO] ThirdParty:1030 - CMSIS Pack Vendor :STMicroelectronics PDM2PCM 3.1.0
2024-03-19 10:05:09,166 [INFO] ThirdParty:1030 - CMSIS Pack Vendor :Infineon AIROC-Wi-Fi-Bluetooth-STM32 1.5.1
2024-03-19 10:05:09,166 [INFO] ThirdParty:1030 - CMSIS Pack Vendor :STMicroelectronics PDM2PCM 3.3.0
2024-03-19 10:05:09,166 [INFO] ThirdParty:1030 - CMSIS Pack Vendor :STMicroelectronics X-CUBE-DISPLAY 3.0.0
2024-03-19 10:05:09,166 [INFO] ThirdParty:1030 - CMSIS Pack Vendor :STMicroelectronics FP-SNS-MOTENVWB1 1.3.1
2024-03-19 10:05:09,166 [INFO] ThirdParty:1030 - CMSIS Pack Vendor :STMicroelectronics X-CUBE-BLE1 7.0.0
2024-03-19 10:05:09,166 [INFO] ThirdParty:1030 - CMSIS Pack Vendor :STMicroelectronics FP-ATR-SIGFOX1 3.2.0
2024-03-19 10:05:09,166 [INFO] ThirdParty:1030 - CMSIS Pack Vendor :STMicroelectronics X-CUBE-ISPU 2.0.0
2024-03-19 10:05:09,167 [INFO] ThirdParty:1030 - CMSIS Pack Vendor :STMicroelectronics X-CUBE-EEPRMA1 5.1.0
2024-03-19 10:05:09,167 [INFO] ThirdParty:1030 - CMSIS Pack Vendor :STMicroelectronics HAL Drivers 0.0.0
2024-03-19 10:05:09,167 [INFO] ThirdParty:1030 - CMSIS Pack Vendor :STMicroelectronics MBEDTLS 2.16.2
2024-03-19 10:05:09,167 [INFO] ThirdParty:1030 - CMSIS Pack Vendor :emotas I-CUBE-CANOPEN 1.3.0
2024-03-19 10:05:09,167 [INFO] ThirdParty:1030 - CMSIS Pack Vendor :STMicroelectronics X-CUBE-MEMS1 10.0.0
2024-03-19 10:05:09,167 [INFO] ThirdParty:1030 - CMSIS Pack Vendor :STMicroelectronics X-CUBE-FREERTOS 1.1.0
2024-03-19 10:05:09,167 [INFO] ThirdParty:1030 - CMSIS Pack Vendor :STMicroelectronics X-CUBE-NFC7 1.0.1
2024-03-19 10:05:09,167 [INFO] ThirdParty:1030 - CMSIS Pack Vendor :STMicroelectronics MBEDTLS 2.14.1
2024-03-19 10:05:09,167 [INFO] ThirdParty:1030 - CMSIS Pack Vendor :STMicroelectronics X-CUBE-NFC6 3.0.0
2024-03-19 10:05:09,167 [INFO] ThirdParty:1030 - CMSIS Pack Vendor :portGmbH I-Cube-SoM-uGOAL 1.1.0
2024-03-19 10:05:09,167 [INFO] ThirdParty:1030 - CMSIS Pack Vendor :STMicroelectronics X-CUBE-ALS 1.0.1
2024-03-19 10:05:09,167 [INFO] ThirdParty:1030 - CMSIS Pack Vendor :STMicroelectronics X-CUBE-BLEMGR 3.1.0
2024-03-19 10:05:09,167 [INFO] ThirdParty:1030 - CMSIS Pack Vendor :STMicroelectronics ThreadX 1.0.0
2024-03-19 10:05:09,167 [INFO] ThirdParty:1030 - CMSIS Pack Vendor :STMicroelectronics FP-SNS-SMARTAG2 1.2.0
2024-03-19 10:05:09,167 [INFO] ThirdParty:1030 - CMSIS Pack Vendor :STMicroelectronics X-CUBE-AZRTOS-WL 2.0.0
2024-03-19 10:05:09,167 [INFO] ThirdParty:1030 - CMSIS Pack Vendor :SEGGER I-CUBE-embOS 1.3.1
2024-03-19 10:05:09,167 [INFO] ThirdParty:1030 - CMSIS Pack Vendor :STMicroelectronics USB_DEVICE 1.0.0
2024-03-19 10:05:09,167 [INFO] ThirdParty:1030 - CMSIS Pack Vendor :STMicroelectronics X-CUBE-AI 8.1.0
2024-03-19 10:05:09,167 [INFO] ThirdParty:1030 - CMSIS Pack Vendor :STMicroelectronics X-CUBE-AZRTOS-L4 2.0.0
2024-03-19 10:05:09,167 [INFO] ThirdParty:1030 - CMSIS Pack Vendor :STMicroelectronics ThreadX 0.0.2
2024-03-19 10:05:09,167 [INFO] ThirdParty:1030 - CMSIS Pack Vendor :WES I-CUBE-Cesium 1.3.0
2024-03-19 10:05:09,167 [INFO] ThirdParty:1030 - CMSIS Pack Vendor :STMicroelectronics FP-ATR-ASTRA1 2.0.0
2024-03-19 10:05:09,167 [INFO] ThirdParty:1030 - CMSIS Pack Vendor :STMicroelectronics lwIP 2.1.2
2024-03-19 10:05:09,167 [INFO] ThirdParty:1030 - CMSIS Pack Vendor :STMicroelectronics X-CUBE-SFXS2LP1 4.0.0
2024-03-19 10:05:09,167 [INFO] ThirdParty:1030 - CMSIS Pack Vendor :STMicroelectronics X-CUBE-BLE2 3.3.0
2024-03-19 10:05:09,168 [INFO] ThirdParty:1030 - CMSIS Pack Vendor :STMicroelectronics X-CUBE-TOF1 3.4.1
2024-03-19 10:05:09,168 [INFO] ThirdParty:1030 - CMSIS Pack Vendor :STMicroelectronics X-CUBE-AZRTOS-H7 3.2.0
2024-03-19 10:05:09,168 [INFO] ThirdParty:1030 - CMSIS Pack Vendor :STMicroelectronics PDM2PCM 3.2.0
2024-03-19 10:05:09,168 [INFO] ThirdParty:841 - exiting critical section [change project]
2024-03-19 10:05:09,451 [INFO] PinOutPanel:1499 - setPackage(No Configuration,No Configuration)
2024-03-19 10:05:09,454 [INFO] PinOutPanel:1499 - setPackage(STM32F103RBTx,LQFP64)
2024-03-19 10:05:09,909 [INFO] UtilMem:75 - Before build in PCC Used Memory: 724561944 Bytes (1010827264)
2024-03-19 10:05:10,689 [INFO] UtilMem:75 - After build in PCC Used Memory: 796389384 Bytes (1010827264)
2024-03-19 10:05:10,724 [INFO] IPUIPlugin:80 - create IPUIPlugin
2024-03-19 10:05:10,724 [INFO] IPUIPlugin:80 - create IPUIPlugin
2024-03-19 10:05:10,724 [INFO] IPUIPlugin:80 - create IPUIPlugin
2024-03-19 10:05:10,724 [INFO] IPUIPlugin:80 - create IPUIPlugin
2024-03-19 10:05:10,724 [INFO] IPUIPlugin:80 - create IPUIPlugin
2024-03-19 10:05:10,724 [INFO] IPUIPlugin:80 - create IPUIPlugin
2024-03-19 10:05:10,724 [INFO] IPUIPlugin:80 - create IPUIPlugin
2024-03-19 10:05:10,724 [INFO] IPUIPlugin:80 - create IPUIPlugin
2024-03-19 10:05:10,725 [INFO] IPUIPlugin:80 - create IPUIPlugin
2024-03-19 10:05:10,725 [INFO] IPUIPlugin:80 - create IPUIPlugin
2024-03-19 10:05:10,725 [INFO] IPUIPlugin:80 - create IPUIPlugin
2024-03-19 10:05:10,725 [INFO] IPUIPlugin:80 - create IPUIPlugin
2024-03-19 10:05:10,725 [INFO] IPUIPlugin:80 - create IPUIPlugin
2024-03-19 10:05:10,725 [INFO] IPUIPlugin:80 - create IPUIPlugin
2024-03-19 10:05:10,725 [INFO] IPUIPlugin:80 - create IPUIPlugin
2024-03-19 10:05:10,725 [INFO] IPUIPlugin:80 - create IPUIPlugin
2024-03-19 10:05:10,726 [INFO] IPUIPlugin:80 - create IPUIPlugin
2024-03-19 10:05:10,726 [INFO] IPUIPlugin:80 - create IPUIPlugin
2024-03-19 10:05:10,726 [INFO] IPUIPlugin:80 - create IPUIPlugin
2024-03-19 10:05:10,726 [INFO] IPUIPlugin:80 - create IPUIPlugin
2024-03-19 10:05:10,726 [INFO] IPUIPlugin:80 - create IPUIPlugin
2024-03-19 10:05:10,726 [INFO] IPUIPlugin:80 - create IPUIPlugin
2024-03-19 10:05:10,727 [INFO] IPUIPlugin:80 - create IPUIPlugin
2024-03-19 10:05:10,727 [INFO] IPUIPlugin:80 - create IPUIPlugin
2024-03-19 10:05:10,727 [INFO] IPUIPlugin:80 - create IPUIPlugin
2024-03-19 10:05:10,728 [INFO] IPUIPlugin:80 - create IPUIPlugin
2024-03-19 10:05:10,728 [INFO] IPUIPlugin:80 - create IPUIPlugin
2024-03-19 10:05:10,919 [INFO] CADModel:165 - CPN selected for project levelSTM32F103RBT6
2024-03-19 10:05:10,919 [INFO] CADModel:114 - Register for checkConnection events
2024-03-19 10:05:10,973 [INFO] OpenFileManager:343 - Restore cursor
2024-03-19 10:49:46,117 [INFO] NvicIntPanel:101 - NVIC parent = com.st.microxplorer.plugins.ip.nvic.MultiNvicIntPanel[,0,0,0x0,invalid,layout=javax.swing.BoxLayout,alignmentX=0.0,alignmentY=0.0,border=,flags=9,maximumSize=,minimumSize=,preferredSize=]
2024-03-19 10:50:29,227 [INFO] NvicIntPanel:101 - NVIC parent = com.st.microxplorer.plugins.ip.nvic.MultiNvicIntPanel[,0,0,0x0,invalid,layout=javax.swing.BoxLayout,alignmentX=0.0,alignmentY=0.0,border=,flags=9,maximumSize=,minimumSize=,preferredSize=]
2024-03-19 10:50:37,510 [INFO] UtilMem:75 - End SaveConfig() Used Memory: 641876576 Bytes (751828992)
2024-03-19 10:50:37,693 [INFO] UtilMem:75 - End SaveConfig() Used Memory: 685394528 Bytes (751828992)
2024-03-19 10:50:38,169 [INFO] BlockDiagram:2759 - set Specific Code input for plugin: NVIC
2024-03-19 10:50:38,169 [INFO] BlockDiagram:2759 - set Specific Code input for plugin: USART
2024-03-19 10:50:38,170 [INFO] BlockDiagram:2759 - set Specific Code input for plugin: TIM1_8F1
2024-03-19 10:50:38,170 [INFO] BlockDiagram:2759 - set Specific Code input for plugin: SYS
2024-03-19 10:50:38,170 [INFO] BlockDiagram:2759 - set Specific Code input for plugin: GPIO
2024-03-19 10:50:38,170 [INFO] BlockDiagram:2759 - set Specific Code input for plugin: RCC
2024-03-19 10:50:38,173 [INFO] CodeGenerator:807 - code generatio: config db path: C:\ST\STM32CubeIDE_1.14.1\STM32CubeIDE\plugins\com.st.stm32cube.common.mx_6.10.0.202311202037\\db\
2024-03-19 10:50:38,505 [INFO] CodeEngine:255 - oldGeneratedFile, C:\Users\D10180\Desktop\project\LED_Blink\MXTmpFiles\license.tmp_save
2024-03-19 10:50:38,879 [INFO] CodeEngine:279 - Generated code: C:\Users\D10180\Desktop\project\LED_Blink\MXTmpFiles\license.tmp
2024-03-19 10:50:38,979 [INFO] CodeEngine:255 - oldGeneratedFile, C:\Users\D10180\Desktop\project\LED_Blink\MXTmpFiles\gpio.tmp_save
2024-03-19 10:50:39,097 [INFO] CodeEngine:279 - Generated code: C:\Users\D10180\Desktop\project\LED_Blink\MXTmpFiles\gpio.tmp
2024-03-19 10:50:39,286 [INFO] CodeEngine:255 - oldGeneratedFile, C:\Users\D10180\Desktop\project\LED_Blink\Core\Src\stm32f1xx_it.c_save
2024-03-19 10:50:39,427 [INFO] CodeEngine:279 - Generated code: C:\Users\D10180\Desktop\project\LED_Blink\Core\Src\stm32f1xx_it.c
2024-03-19 10:50:39,459 [INFO] CodeEngine:255 - oldGeneratedFile, C:\Users\D10180\Desktop\project\LED_Blink\Core\Inc\stm32f1xx_it.h_save
2024-03-19 10:50:39,560 [INFO] CodeEngine:279 - Generated code: C:\Users\D10180\Desktop\project\LED_Blink\Core\Inc\stm32f1xx_it.h
2024-03-19 10:50:39,589 [INFO] CodeEngine:255 - oldGeneratedFile, C:\Users\D10180\Desktop\project\LED_Blink\Core\Src\stm32f1xx_hal_msp.c_save
2024-03-19 10:50:39,707 [INFO] CodeEngine:279 - Generated code: C:\Users\D10180\Desktop\project\LED_Blink\Core\Src\stm32f1xx_hal_msp.c
2024-03-19 10:50:39,717 [INFO] CodeEngine:255 - oldGeneratedFile, C:\Users\D10180\Desktop\project\LED_Blink\MXTmpFiles\system.tmp_save
2024-03-19 10:50:39,793 [INFO] CodeEngine:279 - Generated code: C:\Users\D10180\Desktop\project\LED_Blink\MXTmpFiles\system.tmp
2024-03-19 10:50:39,819 [INFO] CodeEngine:311 - oldGeneratedFile, C:\Users\D10180\Desktop\project\LED_Blink\Core\Inc\stm32f1xx_hal_conf.h_save
2024-03-19 10:50:39,938 [INFO] CodeEngine:335 - Generated code: C:\Users\D10180\Desktop\project\LED_Blink\Core\Inc\stm32f1xx_hal_conf.h
2024-03-19 10:50:39,962 [WARN] IPConfigManager:3440 - IP not found : TIM
2024-03-19 10:50:39,962 [WARN] CodeGenerator:3939 - IP not found : null
2024-03-19 10:50:39,987 [INFO] CodeEngine:255 - oldGeneratedFile, C:\Users\D10180\Desktop\project\LED_Blink\Core\Inc\main.h_save
2024-03-19 10:50:40,114 [INFO] CodeEngine:279 - Generated code: C:\Users\D10180\Desktop\project\LED_Blink\Core\Inc\main.h
2024-03-19 10:50:40,135 [INFO] CodeEngine:255 - oldGeneratedFile, C:\Users\D10180\Desktop\project\LED_Blink\Core\Src\main.c_save
2024-03-19 10:50:40,270 [INFO] CodeEngine:279 - Generated code: C:\Users\D10180\Desktop\project\LED_Blink\Core\Src\main.c
2024-03-19 10:50:40,926 [INFO] ProjectBuilder:3076 - Time for Copy HAL[1] : 225mS.
2024-03-19 10:50:40,945 [INFO] ProjectBuilder:4485 - Project Generator version: 4.2.0-B44
2024-03-19 10:50:41,269 [INFO] ConfigFileManager:1495 - The Die is : DIE410
2024-03-19 10:50:41,287 [INFO] ApiDbMcu:508 - Load IP Config File for FATFS
2024-03-19 10:50:41,299 [INFO] ApiDbMcu:508 - Load IP Config File for FREERTOS
2024-03-19 10:50:41,313 [INFO] ApiDbMcu:508 - Load IP Config File for USB_DEVICE
2024-03-19 10:50:42,363 [INFO] LogOutputStream:77 - [STDOUT_REDIRECT] 
2024-03-19 10:50:44,002 [INFO] ProjectBuilder:4747 - Time for Generating toolchain IDE Files: 3056mS.
2024-03-19 10:50:44,004 [INFO] ProjectBuilder:2947 - Time for Copy CMSIS : 1mS.
2024-03-19 10:50:44,006 [INFO] ProjectBuilder:2947 - Time for Copy CMSIS : 0mS.
2024-03-19 11:18:15,334 [INFO] NvicIntPanel:101 - NVIC parent = com.st.microxplorer.plugins.ip.nvic.MultiNvicIntPanel[,0,0,0x0,invalid,layout=javax.swing.BoxLayout,alignmentX=0.0,alignmentY=0.0,border=,flags=9,maximumSize=,minimumSize=,preferredSize=]
2024-03-19 11:27:01,253 [INFO] UtilMem:75 - End SaveConfig() Used Memory: 682065360 Bytes (801112064)
2024-03-19 11:27:03,154 [INFO] UtilMem:75 - End SaveConfig() Used Memory: 288013976 Bytes (801112064)
2024-03-19 11:27:03,302 [INFO] UtilMem:75 - End SaveConfig() Used Memory: 331084240 Bytes (801112064)
2024-03-19 11:27:03,487 [INFO] BlockDiagram:2759 - set Specific Code input for plugin: NVIC
2024-03-19 11:27:03,487 [INFO] BlockDiagram:2759 - set Specific Code input for plugin: USART
2024-03-19 11:27:03,487 [INFO] BlockDiagram:2759 - set Specific Code input for plugin: TIM1_8F1
2024-03-19 11:27:03,488 [INFO] BlockDiagram:2759 - set Specific Code input for plugin: SYS
2024-03-19 11:27:03,488 [INFO] BlockDiagram:2759 - set Specific Code input for plugin: GPIO
2024-03-19 11:27:03,488 [INFO] BlockDiagram:2759 - set Specific Code input for plugin: RCC
2024-03-19 11:27:03,489 [INFO] CodeGenerator:807 - code generatio: config db path: C:\ST\STM32CubeIDE_1.14.1\STM32CubeIDE\plugins\com.st.stm32cube.common.mx_6.10.0.202311202037\\db\
2024-03-19 11:27:03,589 [INFO] CodeEngine:255 - oldGeneratedFile, C:\Users\D10180\Desktop\project\LED_Blink\MXTmpFiles\license.tmp_save
2024-03-19 11:27:03,685 [INFO] CodeEngine:279 - Generated code: C:\Users\D10180\Desktop\project\LED_Blink\MXTmpFiles\license.tmp
2024-03-19 11:27:03,715 [INFO] CodeEngine:255 - oldGeneratedFile, C:\Users\D10180\Desktop\project\LED_Blink\MXTmpFiles\gpio.tmp_save
2024-03-19 11:27:03,808 [INFO] CodeEngine:279 - Generated code: C:\Users\D10180\Desktop\project\LED_Blink\MXTmpFiles\gpio.tmp
2024-03-19 11:27:03,875 [INFO] CodeEngine:255 - oldGeneratedFile, C:\Users\D10180\Desktop\project\LED_Blink\Core\Src\stm32f1xx_it.c_save
2024-03-19 11:27:04,065 [INFO] CodeEngine:279 - Generated code: C:\Users\D10180\Desktop\project\LED_Blink\Core\Src\stm32f1xx_it.c
2024-03-19 11:27:04,078 [INFO] CodeEngine:255 - oldGeneratedFile, C:\Users\D10180\Desktop\project\LED_Blink\Core\Inc\stm32f1xx_it.h_save
2024-03-19 11:27:04,135 [INFO] CodeEngine:279 - Generated code: C:\Users\D10180\Desktop\project\LED_Blink\Core\Inc\stm32f1xx_it.h
2024-03-19 11:27:04,157 [INFO] CodeEngine:255 - oldGeneratedFile, C:\Users\D10180\Desktop\project\LED_Blink\Core\Src\stm32f1xx_hal_msp.c_save
2024-03-19 11:27:04,383 [INFO] CodeEngine:279 - Generated code: C:\Users\D10180\Desktop\project\LED_Blink\Core\Src\stm32f1xx_hal_msp.c
2024-03-19 11:27:04,388 [INFO] CodeEngine:255 - oldGeneratedFile, C:\Users\D10180\Desktop\project\LED_Blink\MXTmpFiles\system.tmp_save
2024-03-19 11:27:04,460 [INFO] CodeEngine:279 - Generated code: C:\Users\D10180\Desktop\project\LED_Blink\MXTmpFiles\system.tmp
2024-03-19 11:27:04,485 [INFO] CodeEngine:311 - oldGeneratedFile, C:\Users\D10180\Desktop\project\LED_Blink\Core\Inc\stm32f1xx_hal_conf.h_save
2024-03-19 11:27:04,619 [INFO] CodeEngine:335 - Generated code: C:\Users\D10180\Desktop\project\LED_Blink\Core\Inc\stm32f1xx_hal_conf.h
2024-03-19 11:27:04,644 [WARN] IPConfigManager:3440 - IP not found : TIM
2024-03-19 11:27:04,645 [WARN] CodeGenerator:3939 - IP not found : null
2024-03-19 11:27:04,665 [INFO] CodeEngine:255 - oldGeneratedFile, C:\Users\D10180\Desktop\project\LED_Blink\Core\Inc\main.h_save
2024-03-19 11:27:04,766 [INFO] CodeEngine:279 - Generated code: C:\Users\D10180\Desktop\project\LED_Blink\Core\Inc\main.h
2024-03-19 11:27:04,780 [INFO] CodeEngine:255 - oldGeneratedFile, C:\Users\D10180\Desktop\project\LED_Blink\Core\Src\main.c_save
2024-03-19 11:27:04,902 [INFO] CodeEngine:279 - Generated code: C:\Users\D10180\Desktop\project\LED_Blink\Core\Src\main.c
2024-03-19 11:27:05,410 [INFO] ProjectBuilder:3076 - Time for Copy HAL[1] : 117mS.
2024-03-19 11:27:05,414 [INFO] ProjectBuilder:4485 - Project Generator version: 4.2.0-B44
2024-03-19 11:27:05,581 [INFO] ConfigFileManager:1495 - The Die is : DIE410
2024-03-19 11:27:06,995 [INFO] ProjectBuilder:4747 - Time for Generating toolchain IDE Files: 1581mS.
2024-03-19 11:27:06,996 [INFO] ProjectBuilder:2947 - Time for Copy CMSIS : 1mS.
2024-03-19 11:27:06,998 [INFO] ProjectBuilder:2947 - Time for Copy CMSIS : 0mS.
2024-03-19 12:10:27,721 [ERROR] LogOutputStream:75 - [STDERR_REDIRECT] 
2024-03-19 12:12:10,905 [INFO] Activator:176 - 


2024-03-19 12:12:10,905 [INFO] Activator:177 - !SESSION log4j initialized
2024-03-19 12:12:15,836 [INFO] LogOutputStream:77 - [STDOUT_REDIRECT] 
2024-03-19 12:12:18,418 [INFO] ApplicationProperties:184 - Using Application install path: C:\ST\STM32CubeIDE_1.14.1\STM32CubeIDE\plugins\com.st.stm32cube.common.mx_6.10.0.202311202037
2024-03-19 12:12:18,438 [INFO] DbMcusXml:78 - Set database path to: C:\ST\STM32CubeIDE_1.14.1\STM32CubeIDE\plugins\com.st.stm32cube.common.mx_6.10.0.202311202037\\db\/mcu/
2024-03-19 12:12:18,438 [INFO] ApiDb:274 - Set plugin database path to: C:\ST\STM32CubeIDE_1.14.1\STM32CubeIDE\plugins\com.st.stm32cube.common.mx_6.10.0.202311202037\\db\/plugins/boardmanager/
2024-03-19 12:12:18,439 [WARN] ApiDb:259 - Overriding images path with different value:  => C:\ST\STM32CubeIDE_1.14.1\STM32CubeIDE\plugins\com.st.stm32cube.common.mx_6.10.0.202311202037\\db\/plugins/mcufinder/images/
2024-03-19 12:12:18,448 [INFO] ApiDb:250 - Set database path to: C:\Users\D10180\.stmcufinder\plugins\mcufinder//mcu/
2024-03-19 12:12:18,449 [INFO] DbMcusAds:125 - Set database path to: C:\Users\D10180\.stmcufinder\plugins\mcufinder//mcu/
2024-03-19 12:12:18,451 [INFO] CrossReferenceDbSqlite:203 - Set database path to: C:\Users\D10180\.stmcufinder\plugins\mcufinder//mcu/cs/
2024-03-19 12:12:18,554 [INFO] RulesReader:64 - Compatibility file has been processed (297 Rules)
2024-03-19 12:12:18,624 [INFO] DbMcusXml:78 - Set database path to: C:\ST\STM32CubeIDE_1.14.1\STM32CubeIDE\plugins\com.st.stm32cube.common.mx_6.10.0.202311202037\\db\/mcu/
2024-03-19 12:12:18,624 [INFO] ApiDb:274 - Set plugin database path to: C:\ST\STM32CubeIDE_1.14.1\STM32CubeIDE\plugins\com.st.stm32cube.common.mx_6.10.0.202311202037\\db\/plugins/boardmanager/
2024-03-19 12:12:18,624 [INFO] ApiDb:261 - Set plugin images path to: C:\ST\STM32CubeIDE_1.14.1\STM32CubeIDE\plugins\com.st.stm32cube.common.mx_6.10.0.202311202037\\db\/plugins/mcufinder/images/
2024-03-19 12:12:18,624 [WARN] DbFile:41 - Overriding database path with different value: C:\Users\D10180\.stmcufinder\plugins\mcufinder/ => C:\Users\D10180\.stmcufinder\plugins\mcufinder
2024-03-19 12:12:18,624 [INFO] ApiDb:250 - Set database path to: C:\Users\D10180\.stmcufinder\plugins\mcufinder//mcu/
2024-03-19 12:12:18,624 [WARN] DbFile:41 - Overriding database path with different value: C:\Users\D10180\.stmcufinder\plugins\mcufinder/ => C:\Users\D10180\.stmcufinder\plugins\mcufinder
2024-03-19 12:12:18,624 [INFO] DbMcusAds:125 - Set database path to: C:\Users\D10180\.stmcufinder\plugins\mcufinder//mcu/
2024-03-19 12:12:18,624 [WARN] DbFile:41 - Overriding database path with different value: C:\Users\D10180\.stmcufinder\plugins\mcufinder/ => C:\Users\D10180\.stmcufinder\plugins\mcufinder
2024-03-19 12:12:18,624 [WARN] DbFile:41 - Overriding database path with different value: C:\Users\D10180\.stmcufinder\plugins\mcufinder/ => C:\Users\D10180\.stmcufinder\plugins\mcufinder
2024-03-19 12:12:18,624 [INFO] CrossReferenceDbSqlite:203 - Set database path to: C:\Users\D10180\.stmcufinder\plugins\mcufinder//mcu/cs/
2024-03-19 12:12:18,686 [INFO] MainPanel:264 - HeapMemory: 268435456
2024-03-19 12:12:18,753 [INFO] DbMcusXml:78 - Set database path to: C:\ST\STM32CubeIDE_1.14.1\STM32CubeIDE\plugins\com.st.stm32cube.common.mx_6.10.0.202311202037\\db\/mcu/
2024-03-19 12:12:18,753 [INFO] ApiDb:274 - Set plugin database path to: C:\ST\STM32CubeIDE_1.14.1\STM32CubeIDE\plugins\com.st.stm32cube.common.mx_6.10.0.202311202037\\db\/plugins/boardmanager/
2024-03-19 12:12:18,753 [INFO] ApiDb:261 - Set plugin images path to: C:\ST\STM32CubeIDE_1.14.1\STM32CubeIDE\plugins\com.st.stm32cube.common.mx_6.10.0.202311202037\\db\/plugins/mcufinder/images/
2024-03-19 12:12:18,753 [WARN] DbFile:41 - Overriding database path with different value: C:\Users\D10180\.stmcufinder\plugins\mcufinder/ => C:\Users\D10180\.stmcufinder\plugins\mcufinder
2024-03-19 12:12:18,753 [INFO] ApiDb:250 - Set database path to: C:\Users\D10180\.stmcufinder\plugins\mcufinder//mcu/
2024-03-19 12:12:18,754 [WARN] DbFile:41 - Overriding database path with different value: C:\Users\D10180\.stmcufinder\plugins\mcufinder/ => C:\Users\D10180\.stmcufinder\plugins\mcufinder
2024-03-19 12:12:18,754 [INFO] DbMcusAds:125 - Set database path to: C:\Users\D10180\.stmcufinder\plugins\mcufinder//mcu/
2024-03-19 12:12:18,754 [WARN] DbFile:41 - Overriding database path with different value: C:\Users\D10180\.stmcufinder\plugins\mcufinder/ => C:\Users\D10180\.stmcufinder\plugins\mcufinder
2024-03-19 12:12:18,754 [WARN] DbFile:41 - Overriding database path with different value: C:\Users\D10180\.stmcufinder\plugins\mcufinder/ => C:\Users\D10180\.stmcufinder\plugins\mcufinder
2024-03-19 12:12:18,754 [INFO] CrossReferenceDbSqlite:203 - Set database path to: C:\Users\D10180\.stmcufinder\plugins\mcufinder//mcu/cs/
2024-03-19 12:12:18,768 [INFO] ApplicationProperties:184 - Using Application install path: C:\ST\STM32CubeIDE_1.14.1\STM32CubeIDE\plugins\com.st.stm32cube.common.mx_6.10.0.202311202037
2024-03-19 12:12:18,770 [INFO] PluginManage:196 - Search for loadable plugins [exclusion list=, ]
2024-03-19 12:12:18,771 [INFO] PluginManage:310 - Check plugin analytics
2024-03-19 12:12:18,920 [INFO] AnalyticsPlugin:253 - Accepted Software Licenses: STM32CubeMX.6.5.0
2024-03-19 12:12:18,920 [INFO] AnalyticsPlugin:255 - Accepted CMSIS Pack Licenses: 
2024-03-19 12:12:18,921 [INFO] AnalyticsPlugin:257 - Accepted Firmware Licenses: 
2024-03-19 12:12:18,924 [INFO] PluginManage:359 - Loaded plugin analytics (category:tool,tabindex:-1)
2024-03-19 12:12:18,924 [INFO] PluginManage:310 - Check plugin cadmodel
2024-03-19 12:12:18,935 [INFO] CADModel:105 - Init CAD model plugin
2024-03-19 12:12:18,935 [INFO] PluginManage:359 - Loaded plugin cadmodel (category:power,tabindex:5)
2024-03-19 12:12:18,936 [INFO] PluginManage:310 - Check plugin clock
2024-03-19 12:12:18,951 [INFO] PluginManage:359 - Loaded plugin clock (category:base,tabindex:2)
2024-03-19 12:12:18,951 [INFO] PluginManage:310 - Check plugin ddr
2024-03-19 12:12:18,954 [INFO] PluginManage:359 - Loaded plugin ddr (category:tool,tabindex:6)
2024-03-19 12:12:18,954 [INFO] PluginManage:310 - Check plugin filemanager
2024-03-19 12:12:19,089 [INFO] PluginManage:359 - Loaded plugin filemanager (category:base,tabindex:10)
2024-03-19 12:12:19,090 [INFO] PluginManage:310 - Check plugin ipmanager
2024-03-19 12:12:19,096 [INFO] PluginManage:359 - Loaded plugin ipmanager (category:base,tabindex:5)
2024-03-19 12:12:19,096 [INFO] PluginManage:310 - Check plugin lpbam
2024-03-19 12:12:19,112 [INFO] PluginManage:359 - Loaded plugin lpbam (category:base,tabindex:0)
2024-03-19 12:12:19,112 [INFO] PluginManage:310 - Check plugin memorymap
2024-03-19 12:12:19,130 [INFO] PluginManage:359 - Loaded plugin memorymap (category:base,tabindex:4)
2024-03-19 12:12:19,130 [INFO] PluginManage:310 - Check plugin pinoutandconfiguration
2024-03-19 12:12:19,146 [INFO] PluginManage:359 - Loaded plugin pinoutandconfiguration (category:base,tabindex:1)
2024-03-19 12:12:19,146 [INFO] PluginManage:310 - Check plugin pinoutconfig
2024-03-19 12:12:19,224 [WARN] SupportedApi:132 - Cannot load RTOS API schema: s4s-elt-must-match.1: The content of 'definitions' must match (annotation?, (simpleType | complexType)?, (unique | key | keyref)*)). A problem was found starting at: attribute.
2024-03-19 12:12:19,331 [INFO] PluginManage:359 - Loaded plugin pinoutconfig (category:base,tabindex:0)
2024-03-19 12:12:19,331 [INFO] PluginManage:310 - Check plugin power
2024-03-19 12:12:19,346 [INFO] PluginManage:359 - Loaded plugin power (category:power,tabindex:4)
2024-03-19 12:12:19,346 [INFO] PluginManage:310 - Check plugin projectmanager
2024-03-19 12:12:19,361 [INFO] PluginManage:359 - Loaded plugin projectmanager (category:projectmanager,tabindex:3)
2024-03-19 12:12:19,361 [INFO] PluginManage:310 - Check plugin thirdparty
2024-03-19 12:12:19,584 [INFO] PluginManage:359 - Loaded plugin thirdparty (category:base,tabindex:-1)
2024-03-19 12:12:19,584 [WARN] IntegrityCheckThread:84 - waiting for thirdparty lock release [integrity check]
2024-03-19 12:12:19,584 [INFO] PluginManage:310 - Check plugin tools
2024-03-19 12:12:19,584 [INFO] IntegrityCheckThread:86 - entering critical section [integrity check]
2024-03-19 12:12:19,585 [INFO] ThirdPartyUpdaterWithRetryManager:70 - Updater plugin not ready yet. [1/15]
2024-03-19 12:12:19,610 [INFO] PluginManage:359 - Loaded plugin tools (category:base,tabindex:7)
2024-03-19 12:12:19,610 [INFO] PluginManage:310 - Check plugin tutovideos
2024-03-19 12:12:19,768 [INFO] PluginManage:359 - Loaded plugin tutovideos (category:base,tabindex:-1)
2024-03-19 12:12:19,768 [INFO] PluginManage:310 - Check plugin updater
2024-03-19 12:12:19,780 [INFO] PluginManage:359 - Loaded plugin updater (category:base,tabindex:12)
2024-03-19 12:12:19,780 [INFO] PluginManage:310 - Check plugin userauth
2024-03-19 12:12:19,786 [INFO] UserAuth:114 - Init User Auth plugin
2024-03-19 12:12:19,786 [INFO] PluginManage:359 - Loaded plugin userauth (category:base,tabindex:14)
2024-03-19 12:12:19,787 [INFO] PluginManage:283 - PluginManage : Loaded plugins [17]
2024-03-19 12:12:19,961 [INFO] PinOutPanel:1499 - setPackage(No Configuration,No Configuration)
2024-03-19 12:12:20,021 [INFO] CADModel:165 - CPN selected for project level
2024-03-19 12:12:20,021 [INFO] CADModel:114 - Register for checkConnection events
2024-03-19 12:12:20,055 [INFO] IPUIPlugin:80 - create IPUIPlugin
2024-03-19 12:12:20,055 [INFO] PluginManager:220 - loadIPPluginJar : add adc
2024-03-19 12:12:20,082 [INFO] IPUIPlugin:80 - create IPUIPlugin
2024-03-19 12:12:20,082 [INFO] PluginManager:220 - loadIPPluginJar : add aes
2024-03-19 12:12:20,113 [INFO] IPUIPlugin:80 - create IPUIPlugin
2024-03-19 12:12:20,113 [INFO] PluginManager:220 - loadIPPluginJar : add can
2024-03-19 12:12:20,129 [INFO] IPUIPlugin:80 - create IPUIPlugin
2024-03-19 12:12:20,130 [INFO] PluginManager:220 - loadIPPluginJar : add comp
2024-03-19 12:12:20,162 [INFO] IPUIPlugin:80 - create IPUIPlugin
2024-03-19 12:12:20,162 [INFO] PluginManager:220 - loadIPPluginJar : add cryp
2024-03-19 12:12:20,184 [INFO] IPUIPlugin:80 - create IPUIPlugin
2024-03-19 12:12:20,184 [INFO] PluginManager:220 - loadIPPluginJar : add dfsdm
2024-03-19 12:12:20,195 [INFO] IPUIPlugin:80 - create IPUIPlugin
2024-03-19 12:12:20,195 [INFO] PluginManager:220 - loadIPPluginJar : add dma
2024-03-19 12:12:20,226 [INFO] IPUIPlugin:80 - create IPUIPlugin
2024-03-19 12:12:20,226 [INFO] PluginManager:220 - loadIPPluginJar : add dma3
2024-03-19 12:12:20,241 [INFO] IPUIPlugin:80 - create IPUIPlugin
2024-03-19 12:12:20,241 [INFO] PluginManager:220 - loadIPPluginJar : add fatfs
2024-03-19 12:12:20,276 [INFO] IPUIPlugin:80 - create IPUIPlugin
2024-03-19 12:12:20,276 [INFO] PluginManager:220 - loadIPPluginJar : add fmc
2024-03-19 12:12:20,288 [INFO] IPUIPlugin:80 - create IPUIPlugin
2024-03-19 12:12:20,288 [INFO] PluginManager:220 - loadIPPluginJar : add freertos
2024-03-19 12:12:20,305 [INFO] IPUIPlugin:80 - create IPUIPlugin
2024-03-19 12:12:20,305 [INFO] PluginManager:220 - loadIPPluginJar : add genericplugin
2024-03-19 12:12:20,382 [INFO] IPUIPlugin:80 - create IPUIPlugin
2024-03-19 12:12:20,382 [INFO] PluginManager:220 - loadIPPluginJar : add gfxmmu
2024-03-19 12:12:20,474 [INFO] IPUIPlugin:80 - create IPUIPlugin
2024-03-19 12:12:20,475 [INFO] PluginManager:220 - loadIPPluginJar : add gic
2024-03-19 12:12:20,483 [INFO] IPUIPlugin:80 - create IPUIPlugin
2024-03-19 12:12:20,484 [INFO] PluginManager:220 - loadIPPluginJar : add gpio
2024-03-19 12:12:20,551 [INFO] IPUIPlugin:80 - create IPUIPlugin
2024-03-19 12:12:20,552 [INFO] PluginManager:220 - loadIPPluginJar : add gtzc
2024-03-19 12:12:20,576 [INFO] IPUIPlugin:80 - create IPUIPlugin
2024-03-19 12:12:20,576 [INFO] PluginManager:220 - loadIPPluginJar : add hash
2024-03-19 12:12:20,613 [INFO] IPUIPlugin:80 - create IPUIPlugin
2024-03-19 12:12:20,613 [INFO] PluginManager:220 - loadIPPluginJar : add i2c
2024-03-19 12:12:20,641 [INFO] IPUIPlugin:80 - create IPUIPlugin
2024-03-19 12:12:20,641 [INFO] PluginManager:220 - loadIPPluginJar : add i2s
2024-03-19 12:12:20,671 [INFO] IPUIPlugin:80 - create IPUIPlugin
2024-03-19 12:12:20,671 [INFO] PluginManager:220 - loadIPPluginJar : add i3c
2024-03-19 12:12:20,750 [INFO] IPUIPlugin:80 - create IPUIPlugin
2024-03-19 12:12:20,750 [INFO] PluginManager:220 - loadIPPluginJar : add ipddr
2024-03-19 12:12:20,816 [INFO] IPUIPlugin:80 - create IPUIPlugin
2024-03-19 12:12:20,816 [INFO] PluginManager:220 - loadIPPluginJar : add linkedlist
2024-03-19 12:12:20,841 [INFO] IPUIPlugin:80 - create IPUIPlugin
2024-03-19 12:12:20,841 [INFO] PluginManager:220 - loadIPPluginJar : add lorawan
2024-03-19 12:12:20,868 [INFO] IPUIPlugin:80 - create IPUIPlugin
2024-03-19 12:12:20,868 [INFO] PluginManager:220 - loadIPPluginJar : add ltdc
2024-03-19 12:12:20,878 [INFO] IPUIPlugin:80 - create IPUIPlugin
2024-03-19 12:12:20,878 [INFO] PluginManager:220 - loadIPPluginJar : add mdma
2024-03-19 12:12:20,887 [INFO] IPUIPlugin:80 - create IPUIPlugin
2024-03-19 12:12:20,887 [INFO] PluginManager:220 - loadIPPluginJar : add nvic
2024-03-19 12:12:20,916 [INFO] IPUIPlugin:80 - create IPUIPlugin
2024-03-19 12:12:20,916 [INFO] PluginManager:220 - loadIPPluginJar : add opamp
2024-03-19 12:12:20,963 [INFO] IPUIPlugin:80 - create IPUIPlugin
2024-03-19 12:12:20,963 [INFO] PluginManager:220 - loadIPPluginJar : add openamp
2024-03-19 12:12:20,997 [INFO] IPUIPlugin:80 - create IPUIPlugin
2024-03-19 12:12:20,998 [INFO] PluginManager:220 - loadIPPluginJar : add pdm2pcm
2024-03-19 12:12:21,009 [INFO] IPUIPlugin:80 - create IPUIPlugin
2024-03-19 12:12:21,010 [INFO] PluginManager:220 - loadIPPluginJar : add plateformsettings
2024-03-19 12:12:21,027 [INFO] IPUIPlugin:80 - create IPUIPlugin
2024-03-19 12:12:21,028 [INFO] PluginManager:220 - loadIPPluginJar : add quadspi
2024-03-19 12:12:21,037 [INFO] IPUIPlugin:80 - create IPUIPlugin
2024-03-19 12:12:21,037 [INFO] PluginManager:220 - loadIPPluginJar : add resmgrutility
2024-03-19 12:12:21,073 [INFO] IPUIPlugin:80 - create IPUIPlugin
2024-03-19 12:12:21,073 [INFO] PluginManager:220 - loadIPPluginJar : add sai
2024-03-19 12:12:21,099 [INFO] IPUIPlugin:80 - create IPUIPlugin
2024-03-19 12:12:21,100 [INFO] PluginManager:220 - loadIPPluginJar : add spi
2024-03-19 12:12:21,150 [INFO] IPUIPlugin:80 - create IPUIPlugin
2024-03-19 12:12:21,151 [INFO] PluginManager:220 - loadIPPluginJar : add stm32_wpan
2024-03-19 12:12:21,168 [INFO] IPUIPlugin:80 - create IPUIPlugin
2024-03-19 12:12:21,168 [INFO] PluginManager:220 - loadIPPluginJar : add tim
2024-03-19 12:12:21,208 [INFO] IPUIPlugin:80 - create IPUIPlugin
2024-03-19 12:12:21,209 [INFO] PluginManager:220 - loadIPPluginJar : add touchsensing
2024-03-19 12:12:21,225 [INFO] IPUIPlugin:80 - create IPUIPlugin
2024-03-19 12:12:21,225 [INFO] PluginManager:220 - loadIPPluginJar : add tracer_emb
2024-03-19 12:12:21,242 [INFO] IPUIPlugin:80 - create IPUIPlugin
2024-03-19 12:12:21,242 [INFO] PluginManager:220 - loadIPPluginJar : add ts
2024-03-19 12:12:21,258 [INFO] IPUIPlugin:80 - create IPUIPlugin
2024-03-19 12:12:21,258 [INFO] PluginManager:220 - loadIPPluginJar : add tsc
2024-03-19 12:12:21,274 [INFO] IPUIPlugin:80 - create IPUIPlugin
2024-03-19 12:12:21,274 [INFO] PluginManager:220 - loadIPPluginJar : add ucpd
2024-03-19 12:12:21,305 [INFO] IPUIPlugin:80 - create IPUIPlugin
2024-03-19 12:12:21,305 [INFO] PluginManager:220 - loadIPPluginJar : add usart
2024-03-19 12:12:21,337 [INFO] IPUIPlugin:80 - create IPUIPlugin
2024-03-19 12:12:21,337 [INFO] PluginManager:220 - loadIPPluginJar : add usbx
2024-03-19 12:12:21,458 [INFO] CADModel:165 - CPN selected for project level
2024-03-19 12:12:21,458 [INFO] CADModel:114 - Register for checkConnection events
2024-03-19 12:12:21,459 [FATAL] Updater:308 - Updater called before beeing initialized
2024-03-19 12:12:21,459 [ERROR] CADModel:125 - Updater not yet initialized, retry later 
2024-03-19 12:12:21,578 [INFO] CADModel:165 - CPN selected for project level
2024-03-19 12:12:21,578 [INFO] CADModel:114 - Register for checkConnection events
2024-03-19 12:12:21,578 [FATAL] Updater:308 - Updater called before beeing initialized
2024-03-19 12:12:21,578 [ERROR] CADModel:125 - Updater not yet initialized, retry later 
2024-03-19 12:12:21,581 [FATAL] Updater:308 - Updater called before beeing initialized
2024-03-19 12:12:21,672 [FATAL] Updater:308 - Updater called before beeing initialized
2024-03-19 12:12:21,681 [INFO] DbMcusAds:53 - JSON generation date=Wed Nov 29 19:52:27 KST 2023 (1701255147349)
2024-03-19 12:12:21,681 [FATAL] Updater:308 - Updater called before beeing initialized
2024-03-19 12:12:21,741 [WARN] DetailPanel:346 - Failed to get advertising image, set to default
2024-03-19 12:12:21,822 [FATAL] Updater:308 - Updater called before beeing initialized
2024-03-19 12:12:21,824 [FATAL] Updater:308 - Updater called before beeing initialized
2024-03-19 12:12:21,824 [FATAL] Updater:308 - Updater called before beeing initialized
2024-03-19 12:12:21,824 [WARN] DetailPanel:346 - Failed to get advertising image, set to default
2024-03-19 12:12:21,825 [FATAL] Updater:308 - Updater called before beeing initialized
2024-03-19 12:12:21,878 [ERROR] Updater:1120 - MainUpdater not yet initialized. External WinMGr cannot be set.
2024-03-19 12:12:21,887 [INFO] Updater:1056 - Updater Version found : 6.10.0
2024-03-19 12:12:21,900 [INFO] ApplicationProperties:184 - Using Application install path: C:\ST\STM32CubeIDE_1.14.1\STM32CubeIDE\plugins\com.st.stm32cube.common.mx_6.10.0.202311202037
2024-03-19 12:12:22,234 [INFO] MainUpdater:2873 - connection check result : 10
2024-03-19 12:12:22,235 [INFO] MainUpdater:290 - Updater Check For Update Now.
2024-03-19 12:12:22,236 [INFO] MicroXplorer:498 - Change Database Version : DB.6.0.100
2024-03-19 12:12:22,254 [INFO] McuFinderGlobals:63 - Set McuFinder mode to 2 (CubeIDE integrated)
2024-03-19 12:12:22,419 [INFO] CheckServerUpdateThread:120 - End of CheckServer Thread
2024-03-19 12:12:22,646 [INFO] UserAuth:404 - Internet connection configuration mode: 1
2024-03-19 12:12:22,668 [INFO] JxBrowserEngine:152 - Initiate JxBrowser Engine with user profile folder
2024-03-19 12:12:22,734 [WARN] PackLoader:240 - Cannot read IP mode file for STMicroelectronics.X-CUBE-SMBUS.2.1.0
2024-03-19 12:12:22,750 [WARN] PackLoader:240 - Cannot read IP mode file for STMicroelectronics.X-CUBE-TOUCHGFX.4.23.0
2024-03-19 12:12:22,787 [WARN] PackLoader:240 - Cannot read IP mode file for STMicroelectronics.X-CUBE-AZRTOS-F7.1.1.0
2024-03-19 12:12:22,800 [WARN] PackLoader:240 - Cannot read IP mode file for STMicroelectronics.FP-SNS-MOTENV1.4.3.2
2024-03-19 12:12:22,812 [WARN] PackLoader:240 - Cannot read IP mode file for STMicroelectronics.FP-SNS-FLIGHT1.5.0.2
2024-03-19 12:12:22,826 [WARN] PackLoader:240 - Cannot read IP mode file for STMicroelectronics.X-CUBE-DISPLAY.3.0.0
2024-03-19 12:12:22,843 [WARN] PackLoader:240 - Cannot read IP mode file for STMicroelectronics.X-CUBE-BLE1.7.0.0
2024-03-19 12:12:22,853 [WARN] PackLoader:240 - Cannot read IP mode file for emotas.I-CUBE-CANOPEN.1.3.0
2024-03-19 12:12:22,869 [WARN] PackLoader:240 - Cannot read IP mode file for STMicroelectronics.X-CUBE-BLEMGR.3.1.0
2024-03-19 12:12:22,882 [WARN] PackLoader:240 - Cannot read IP mode file for STMicroelectronics.FP-SNS-SMARTAG2.1.2.0
2024-03-19 12:12:22,900 [INFO] LogOutputStream:77 - [STDOUT_REDIRECT] 1 : Invalid condition id : UX_CORESTACK_Condition cause : null
2024-03-19 12:12:22,901 [INFO] LogOutputStream:77 - [STDOUT_REDIRECT] 1 : Invalid condition id : UX_CORESTACK_Condition cause : null
2024-03-19 12:12:22,902 [INFO] LogOutputStream:77 - [STDOUT_REDIRECT] 1 : Invalid condition id : UX_CORESTACK_Condition cause : null
2024-03-19 12:12:22,903 [INFO] LogOutputStream:77 - [STDOUT_REDIRECT] 1 : Invalid condition id : UX_CORESTACK_Condition cause : null
2024-03-19 12:12:22,904 [INFO] LogOutputStream:77 - [STDOUT_REDIRECT] 1 : Invalid condition id : UX_CORESTACK_Condition cause : null
2024-03-19 12:12:22,907 [WARN] PackLoader:240 - Cannot read IP mode file for STMicroelectronics.X-CUBE-AZRTOS-WL.2.0.0
2024-03-19 12:12:22,921 [WARN] PackLoader:240 - Cannot read IP mode file for WES.I-CUBE-Cesium.1.3.0
2024-03-19 12:12:22,931 [WARN] PackLoader:240 - Cannot read IP mode file for STMicroelectronics.X-CUBE-BLE2.3.3.0
2024-03-19 12:12:22,942 [WARN] PackLoader:240 - Cannot read IP mode file for STMicroelectronics.X-CUBE-ALGOBUILD.1.3.0
2024-03-19 12:12:22,963 [WARN] PackLoader:240 - Cannot read IP mode file for STMicroelectronics.X-CUBE-AZRTOS-G0.1.1.0
2024-03-19 12:12:22,976 [WARN] PackLoader:240 - Cannot read IP mode file for STMicroelectronics.X-CUBE-NFC4.3.0.0
2024-03-19 12:12:22,985 [WARN] PackLoader:240 - Cannot read IP mode file for STMicroelectronics.FP-ATR-SIGFOX1.3.2.0
2024-03-19 12:12:22,996 [WARN] PackLoader:240 - Cannot read IP mode file for STMicroelectronics.X-CUBE-EEPRMA1.5.1.0
2024-03-19 12:12:23,028 [WARN] PackLoader:240 - Cannot read IP mode file for SEGGER.I-CUBE-embOS.1.3.1
2024-03-19 12:12:23,062 [WARN] PackLoader:240 - Cannot read IP mode file for STMicroelectronics.X-CUBE-GNSS1.6.0.0
2024-03-19 12:12:23,083 [WARN] PackLoader:240 - Cannot read IP mode file for STMicroelectronics.X-CUBE-AZRTOS-F4.1.1.0
2024-03-19 12:12:23,095 [WARN] PackLoader:240 - Cannot read IP mode file for wolfSSL.I-CUBE-wolfSSL.5.6.6
2024-03-19 12:12:23,117 [WARN] PackLoader:240 - Cannot read IP mode file for STMicroelectronics.X-CUBE-AZRTOS-L5.2.0.0
2024-03-19 12:12:23,129 [WARN] PackLoader:240 - Cannot read IP mode file for ITTIA_DB.I-CUBE-ITTIADB.8.8.0
2024-03-19 12:12:23,140 [WARN] PackLoader:240 - Cannot read IP mode file for STMicroelectronics.X-CUBE-NFC7.1.0.1
2024-03-19 12:12:23,152 [WARN] PackLoader:240 - Cannot read IP mode file for STMicroelectronics.X-CUBE-NFC6.3.0.0
2024-03-19 12:12:23,163 [WARN] PackLoader:240 - Cannot read IP mode file for STMicroelectronics.X-CUBE-AI.8.1.0
2024-03-19 12:12:23,186 [WARN] ConditionMgr:438 - getConditionDescription Invalid condition id : LAN8742 Phy interface Condition cause : null
2024-03-19 12:12:23,186 [WARN] PackLoader:240 - Cannot read IP mode file for STMicroelectronics.X-CUBE-AZRTOS-L4.2.0.0
2024-03-19 12:12:23,187 [WARN] ConditionMgr:1039 - genDependencies : Invalid condition id : LAN8742 Phy interface Condition cause : null
2024-03-19 12:12:23,187 [WARN] ConditionMgr:1039 - genDependencies : Invalid condition id : LAN8742 Phy interface Condition cause : null
2024-03-19 12:12:23,188 [WARN] ConditionMgr:1039 - genDependencies : Invalid condition id : LAN8742 Phy interface Condition cause : null
2024-03-19 12:12:23,201 [WARN] PackLoader:240 - Cannot read IP mode file for STMicroelectronics.X-CUBE-SFXS2LP1.4.0.0
2024-03-19 12:12:23,222 [WARN] ConditionMgr:438 - getConditionDescription Invalid condition id : UX DEVICE CLASS RTOS Condition cause : null
2024-03-19 12:12:23,223 [WARN] ConditionMgr:438 - getConditionDescription Invalid condition id : UX DEVICE CLASS RTOS Condition cause : null
2024-03-19 12:12:23,225 [WARN] PackLoader:240 - Cannot read IP mode file for STMicroelectronics.X-CUBE-AZRTOS-WB.2.0.0
2024-03-19 12:12:23,225 [WARN] ConditionMgr:1039 - genDependencies : Invalid condition id : UX DEVICE CLASS RTOS Condition cause : null
2024-03-19 12:12:23,225 [WARN] ConditionMgr:1039 - genDependencies : Invalid condition id : UX DEVICE CLASS RTOS Condition cause : null
2024-03-19 12:12:23,225 [WARN] ConditionMgr:1039 - genDependencies : Invalid condition id : UX DEVICE CLASS RTOS Condition cause : null
2024-03-19 12:12:23,226 [WARN] ConditionMgr:1039 - genDependencies : Invalid condition id : UX DEVICE CLASS RTOS Condition cause : null
2024-03-19 12:12:23,226 [WARN] ConditionMgr:1039 - genDependencies : Invalid condition id : UX DEVICE CLASS RTOS Condition cause : null
2024-03-19 12:12:23,242 [WARN] PackLoader:240 - Cannot read IP mode file for STMicroelectronics.X-CUBE-SUBG2.5.0.0
2024-03-19 12:12:23,267 [WARN] PackLoader:240 - Cannot read IP mode file for STMicroelectronics.X-CUBE-AZRTOS-G4.2.0.0
2024-03-19 12:12:23,287 [WARN] PackLoader:240 - Cannot read IP mode file for Infineon.AIROC-Wi-Fi-Bluetooth-STM32.1.5.1
2024-03-19 12:12:23,306 [WARN] PackLoader:240 - Cannot read IP mode file for STMicroelectronics.FP-SNS-MOTENVWB1.1.3.1
2024-03-19 12:12:23,318 [WARN] PackLoader:240 - Cannot read IP mode file for STMicroelectronics.X-CUBE-ISPU.2.0.0
2024-03-19 12:12:23,358 [WARN] PackLoader:240 - Cannot read IP mode file for STMicroelectronics.X-CUBE-MEMS1.10.0.0
2024-03-19 12:12:23,464 [WARN] PackLoader:240 - Cannot read IP mode file for STMicroelectronics.X-CUBE-FREERTOS.1.1.0
2024-03-19 12:12:23,475 [WARN] PackLoader:240 - Cannot read IP mode file for portGmbH.I-Cube-SoM-uGOAL.1.1.0
2024-03-19 12:12:23,487 [WARN] PackLoader:240 - Cannot read IP mode file for STMicroelectronics.X-CUBE-ALS.1.0.1
2024-03-19 12:12:23,497 [WARN] PackLoader:240 - Cannot read IP mode file for STMicroelectronics.FP-ATR-ASTRA1.2.0.0
2024-03-19 12:12:23,512 [WARN] PackLoader:240 - Cannot read IP mode file for STMicroelectronics.X-CUBE-TOF1.3.4.1
2024-03-19 12:12:23,551 [WARN] PackLoader:240 - Cannot read IP mode file for STMicroelectronics.X-CUBE-AZRTOS-H7.3.2.0
2024-03-19 12:12:23,554 [INFO] ThirdParty:978 - Integrity check success = true
2024-03-19 12:12:23,554 [INFO] IntegrityCheckThread:100 - exiting critical section [integrity check]
2024-03-19 12:12:23,554 [INFO] IntegrityCheckThread:103 - End integrity checks thread
2024-03-19 12:12:24,446 [INFO] WebApp:161 - Instantiating new browser for Auth
2024-03-19 12:12:24,939 [INFO] WebApp:780 - Register for checkConnection events
2024-03-19 12:12:24,940 [INFO] WebApp:414 - Apply proxy settings
2024-03-19 12:12:24,940 [INFO] WebApp:499 - Chromium requires no authentication
2024-03-19 12:12:24,945 [INFO] WebApp:442 - Direct internet connection detected
2024-03-19 12:12:25,075 [INFO] WebApp:192 - Starting web application
2024-03-19 12:12:25,075 [INFO] WebApp:544 - Web application path used C:\ST\STM32CubeIDE_1.14.1\STM32CubeIDE\plugins\com.st.stm32cube.common.mx_6.10.0.202311202037\db\plugins\mcufinder\reactClient1\index.html
2024-03-19 12:12:45,907 [ERROR] LogOutputStream:75 - [STDERR_REDIRECT] SLF4J: Failed to load class "org.slf4j.impl.StaticLoggerBinder".
2024-03-19 12:12:45,907 [ERROR] LogOutputStream:75 - [STDERR_REDIRECT] SLF4J: Defaulting to no-operation (NOP) logger implementation
2024-03-19 12:12:45,908 [ERROR] LogOutputStream:75 - [STDERR_REDIRECT] SLF4J: See http://www.slf4j.org/codes.html#StaticLoggerBinder for further details.
2024-03-19 12:20:17,077 [INFO] Activator:176 - 


2024-03-19 12:20:17,077 [INFO] Activator:177 - !SESSION log4j initialized
2024-03-19 12:20:21,273 [INFO] LogOutputStream:77 - [STDOUT_REDIRECT] 
